SYN:   40 | eb7d0050 a0f94cc2 00000000 a0027210 a13a0000 020405b4
SYN:   40 | eb7d0050 a0f94cc2 00000000 a0027210 a0400000 020405b4
SYN:   40 | aea20050 f31b27ba 00000000 a0027210 ae090000 020405b4
SYN:   40 | aea20050 f31b27ba 00000000 a0027210 ad0f0000 020405b4
SYN:   40 | 93920050 667e36dc 00000000 a0027210 43a30000 020405b4
SYN:   40 | 93920050 667e36dc 00000000 a0027210 42a90000 020405b4
SYN:   40 | 93920050 667e36dc 00000000 a0027210 40b40000 020405b4
SYN:   40 | 95eb0050 1c66dfce 00000000 a0027210 df7e0000 020405b4
SYN:   40 | 95eb0050 1c66dfce 00000000 a0027210 de840000 020405b4
SYN:   40 | e3a70050 547754ac 00000000 a0027210 e1e10000 020405b4
SYN:   40 | e3a70050 547754ac 00000000 a0027210 e0e70000 020405b4
SYN:   40 | e3a70050 547754ac 00000000 a0027210 def20000 020405b4
SYN:   40 | c0740050 092338df 00000000 a0027210 69430000 020405b4
SYN:   40 | c0740050 092338df 00000000 a0027210 68490000 020405b4
SYN:   40 | e0800050 6c516d08 00000000 a0027210 92440000 020405b4
ACK:   32 | e0800050 6c516d09 0737f5bc 8010003a 748d0000 0101080a
Go to http:  106 | e0800050 6c516d09 0737f5bc 8018003a 634b0000 0101080a
Go to http:  106 | e0800050 6c516d09 0737f5bc 8018003a c8a70000 0101080a
Go to http:  106 | e0800050 6c516d09 0737f5bc 8018003a c8a70000 0101080a
Go to http:  106 | e0800050 6c516d09 0737f5bc 8018003a c8a70000 0101080a
Go to http:  106 | e0800050 6c516d09 0737f5bc 8018003a c8a70000 0101080a
FIN ACK:   32 | e0800050 6c516d53 0737f5bc 8011003a c85d0000 0101080a
SYN:   40 | eba60050 5e7ba411 00000000 a0027210 5af90000 020405b4
ACK:   32 | eba60050 5e7ba412 d2323229 8010003a 32d70000 0101080a
Go to http:  106 | eba60050 5e7ba412 d2323229 8018003a 21950000 0101080a
Go to http:  106 | eba60050 5e7ba412 d2323229 8018003a c8a80000 0101080a
Go to http:  106 | eba60050 5e7ba412 d2323229 8018003a c8a80000 0101080a
Go to http:  106 | e0800050 6c516d09 0737f5bc 8018003a c8a70000 0101080a
Go to http:  106 | eba60050 5e7ba412 d2323229 8018003a c8a80000 0101080a
Go to http:  106 | e0800050 6c516d09 0737f5bc 8018003a c8a70000 0101080a
Go to http:  106 | eba60050 5e7ba412 d2323229 8018003a c8a80000 0101080a
Go to http:  106 | e0800050 6c516d09 0737f5bc 8018003a c8a70000 0101080a
FIN ACK:   32 | eba60050 5e7ba45c d2323229 8011003a c85e0000 0101080a
SYN:   40 | d66a0050 1990823b 00000000 a0027210 d40d0000 020405b4
ACK:   32 | d66a0050 1990823c 4ca9b3a7 8010003a ad180000 0101080a
Go to http:  106 | d66a0050 1990823c 4ca9b3a7 8018003a ce320000 0101080a
Go to http:  106 | d66a0050 1990823c 4ca9b3a7 8018003a ce320000 0101080a
Go to http:  106 | d66a0050 1990823c 4ca9b3a7 8018003a ce320000 0101080a
Go to http:  106 | d66a0050 1990823c 4ca9b3a7 8018003a ce320000 0101080a
Go to http:  106 | e0800050 6c516d09 0737f5bc 8018003a c8a70000 0101080a
Go to http:  106 | eba60050 5e7ba412 d2323229 8018003a c8a80000 0101080a
Go to http:  106 | d66a0050 1990823c 4ca9b3a7 8018003a ce320000 0101080a
Go to http:  106 | eba60050 5e7ba412 d2323229 8018003a c8a80000 0101080a
FIN ACK:   32 | d66a0050 19908286 4ca9b3a7 8011003a cde80000 0101080a
SYN:   40 | d2390050 0dae0405 00000000 a0027210 5f650000 020405b4
ACK:   32 | d2390050 0dae0406 821161ad 8010003a 51f90000 0101080a
Go to http:  106 | d2390050 0dae0406 821161ad 8018003a ebd10000 0101080a
Go to http:  106 | d2390050 0dae0406 821161ad 8018003a ebd10000 0101080a
Go to http:  106 | eba60050 5e7ba412 d2323229 8018003a c8a80000 0101080a
Go to http:  106 | d2390050 0dae0406 821161ad 8018003a ebd10000 0101080a
Go to http:  106 | d66a0050 1990823c 4ca9b3a7 8018003a ce320000 0101080a
Go to http:  106 | d2390050 0dae0406 821161ad 8018003a ebd10000 0101080a
Go to http:  106 | d66a0050 1990823c 4ca9b3a7 8018003a ce320000 0101080a
Go to http:  106 | d66a0050 1990823c 4ca9b3a7 8018003a ce320000 0101080a
Go to http:  106 | d2390050 0dae0406 821161ad 8018003a ebd10000 0101080a
Go to http:  106 | e0800050 6c516d09 0737f5bc 8018003a c8a70000 0101080a
Go to http:  106 | eba60050 5e7ba412 d2323229 8018003a c8a80000 0101080a
FIN ACK:   32 | d2390050 0dae0450 821161ad 8011003a eb870000 0101080a
SYN:   40 | e0840050 da470c96 00000000 a0027210 78f50000 020405b4
ACK:   32 | e0840050 da470c97 4355689b 8010003a a0800000 0101080a
Go to http:  107 | e0840050 da470c97 4355689b 8018003a 52130000 0101080a
HTTP POST:   75 | 504f5354 202f2048 5454502f 312e310d 0a557365 722d4167
ACK:   32 | e0840050 da470ce2 435568f6 8010003a c85d0000 0101080a
ACK:   32 | e0840050 da470ce2 43556939 8010003a c85d0000 0101080a
FIN ACK:   32 | e0840050 da470ce2 4355693a 8011003a c85d0000 0101080a
SYN:   40 | e0850050 efb39e2b 00000000 a0027210 d1e70000 020405b4
ACK:   32 | e0850050 efb39e2c b679d324 8010003a 1bbc0000 0101080a
Go to http:  106 | e0850050 efb39e2c b679d324 8018003a 016a0000 0101080a
HTTP PUT:   74 | 50555420 2f204854 54502f31 2e310d0a 55736572 2d416765
ACK:   32 | e0850050 efb39e76 b679d37f 8010003a c85d0000 0101080a
ACK:   32 | e0850050 efb39e76 b679d3c1 8010003a c85d0000 0101080a
FIN ACK:   32 | e0850050 efb39e76 b679d3c2 8011003a c85d0000 0101080a
SYN:   40 | ebab0050 36c3d13e 00000000 a0027210 4c940000 020405b4
ACK:   32 | ebab0050 36c3d13f 405cf071 8010003a ef300000 0101080a
Go to http:  107 | ebab0050 36c3d13f 405cf071 8018003a a0c40000 0101080a
HTTP POST:   75 | 504f5354 202f2048 5454502f 312e310d 0a557365 722d4167
ACK:   32 | ebab0050 36c3d18a 405cf0cc 8010003a c85e0000 0101080a
ACK:   32 | ebab0050 36c3d18a 405cf10f 8010003a c85e0000 0101080a
FIN ACK:   32 | ebab0050 36c3d18a 405cf110 8011003a c85e0000 0101080a
SYN:   40 | ebac0050 922bec17 00000000 a0027210 d6490000 020405b4
ACK:   32 | ebac0050 922bec18 f2a02057 8010003a 96b20000 0101080a
Go to http:  106 | ebac0050 922bec18 f2a02057 8018003a 7c600000 0101080a
HTTP PUT:   74 | 50555420 2f204854 54502f31 2e310d0a 55736572 2d416765
ACK:   32 | ebac0050 922bec62 f2a020b2 8010003a c85e0000 0101080a
ACK:   32 | ebac0050 922bec62 f2a020f4 8010003a c85e0000 0101080a
FIN ACK:   32 | ebac0050 922bec62 f2a020f5 8011003a c85e0000 0101080a
SYN:   40 | cf810050 3cc4a261 00000000 a0027210 91930000 020405b4
ACK:   32 | cf810050 3cc4a262 6f2a899e 8010003a 6c220000 0101080a
Go to http:  107 | cf810050 3cc4a262 6f2a899e 8018003a d5220000 0101080a
HTTP POST:   75 | 504f5354 202f2048 5454502f 312e310d 0a557365 722d4167
ACK:   32 | cf810050 3cc4a2ad 6f2a89f9 8010003a d4d70000 0101080a
ACK:   32 | cf810050 3cc4a2ad 6f2a8a3c 8010003a d4d70000 0101080a
FIN ACK:   32 | cf810050 3cc4a2ad 6f2a8a3d 8011003a d4d70000 0101080a
SYN:   40 | ca390050 3b3d4528 00000000 a0027210 f5910000 020405b4
ACK:   32 | ca390050 3b3d4529 6a22d928 8010003a 85940000 0101080a
Go to http:  106 | ca390050 3b3d4529 6a22d928 8018003a da6a0000 0101080a
HTTP PUT:   74 | 50555420 2f204854 54502f31 2e310d0a 55736572 2d416765
ACK:   32 | ca390050 3b3d4573 6a22d983 8010003a da200000 0101080a
ACK:   32 | ca390050 3b3d4573 6a22d9c5 8010003a da200000 0101080a
FIN ACK:   32 | ca390050 3b3d4573 6a22d9c6 8011003a da200000 0101080a
SYN:   40 | d6960050 9cd76f80 00000000 a0027210 5d370000 020405b4
ACK:   32 | d6960050 9cd76f81 323575a5 8010003a 88a00000 0101080a
Go to http:  107 | d6960050 9cd76f81 323575a5 8018003a e77c0000 0101080a
HTTP POST:   75 | 504f5354 202f2048 5454502f 312e310d 0a557365 722d4167
ACK:   32 | d6960050 9cd76fcc 32357600 8010003a e7310000 0101080a
ACK:   32 | d6960050 9cd76fcc 32357643 8010003a e7310000 0101080a
FIN ACK:   32 | d6960050 9cd76fcc 32357644 8011003a e7310000 0101080a
SYN:   40 | d4840050 0568f43a 00000000 a0027210 71f40000 020405b4
ACK:   32 | d4840050 0568f43b f645aa20 8010003a a4c60000 0101080a
Go to http:  106 | d4840050 0568f43b f645aa20 8018003a e98e0000 0101080a
HTTP PUT:   74 | 50555420 2f204854 54502f31 2e310d0a 55736572 2d416765
ACK:   32 | d4840050 0568f485 f645aa7b 8010003a e9440000 0101080a
ACK:   32 | d4840050 0568f485 f645aabd 8010003a e9440000 0101080a
FIN ACK:   32 | d4840050 0568f485 f645aabe 8011003a e9440000 0101080a
SYN:   40 | e08c0050 75821a24 00000000 a0027210 cfd50000 020405b4
ACK:   32 | e08c0050 75821a25 0a723401 8010003a 64910000 0101080a
Go to http:  180 | e08c0050 75821a25 0a723401 8018003a 72b10000 0101080a
HTTP PUT:  148 | 50555420 2f204854 54502f31 2e310d0a 55736572 2d416765
Go to http:  180 | e08c0050 75821a25 0a723401 8018003a c8f10000 0101080a
HTTP PUT:  148 | 50555420 2f204854 54502f31 2e310d0a 55736572 2d416765
Go to http:  180 | e08c0050 75821a25 0a723401 8018003a c8f10000 0101080a
HTTP PUT:  148 | 50555420 2f204854 54502f31 2e310d0a 55736572 2d416765
Go to http:  106 | d66a0050 1990823c 4ca9b3a7 8018003a ce320000 0101080a
Go to http:  180 | e08c0050 75821a25 0a723401 8018003a c8f10000 0101080a
HTTP PUT:  148 | 50555420 2f204854 54502f31 2e310d0a 55736572 2d416765
Go to http:  106 | d2390050 0dae0406 821161ad 8018003a ebd10000 0101080a
Go to http:  180 | e08c0050 75821a25 0a723401 8018003a c8f10000 0101080a
HTTP PUT:  148 | 50555420 2f204854 54502f31 2e310d0a 55736572 2d416765
Go to http:  106 | d2390050 0dae0406 821161ad 8018003a ebd10000 0101080a
FIN ACK:   32 | e08c0050 75821ab9 0a723401 8011003a c85d0000 0101080a
SYN:   40 | e08d0050 bbd7fa7b 00000000 a0027210 a6340000 020405b4
ACK:   32 | e08d0050 bbd7fa7c 973f73ec 8010003a 6b340000 0101080a
Go to http:  180 | e08d0050 bbd7fa7c 973f73ec 8018003a 7a650000 0101080a
HTTP PUT:  148 | 50555420 2f204854 54502f31 2e310d0a 55736572 2d416765
Go to http:  106 | d2390050 0dae0406 821161ad 8018003a ebd10000 0101080a
Go to http:  180 | e08d0050 bbd7fa7c 973f73ec 8018003a c8f10000 0101080a
HTTP PUT:  148 | 50555420 2f204854 54502f31 2e310d0a 55736572 2d416765
Go to http:  180 | e08c0050 75821a25 0a723401 8018003a c8f10000 0101080a
HTTP PUT:  148 | 50555420 2f204854 54502f31 2e310d0a 55736572 2d416765
Go to http:  180 | e08d0050 bbd7fa7c 973f73ec 8018003a c8f10000 0101080a
HTTP PUT:  148 | 50555420 2f204854 54502f31 2e310d0a 55736572 2d416765
Go to http:  106 | eba60050 5e7ba412 d2323229 8018003a c8a80000 0101080a
Go to http:  180 | e08c0050 75821a25 0a723401 8018003a c8f10000 0101080a
HTTP PUT:  148 | 50555420 2f204854 54502f31 2e310d0a 55736572 2d416765
Go to http:  180 | e08d0050 bbd7fa7c 973f73ec 8018003a c8f10000 0101080a
HTTP PUT:  148 | 50555420 2f204854 54502f31 2e310d0a 55736572 2d416765
Go to http:  106 | d66a0050 1990823c 4ca9b3a7 8018003a ce320000 0101080a
Go to http:  180 | e08c0050 75821a25 0a723401 8018003a c8f10000 0101080a
HTTP PUT:  148 | 50555420 2f204854 54502f31 2e310d0a 55736572 2d416765
Go to http:  180 | e08d0050 bbd7fa7c 973f73ec 8018003a c8f10000 0101080a
HTTP PUT:  148 | 50555420 2f204854 54502f31 2e310d0a 55736572 2d416765
Go to http:  106 | d2390050 0dae0406 821161ad 8018003a ebd10000 0101080a
FIN ACK:   32 | e08d0050 bbd7fb10 973f73ec 8011003a c85d0000 0101080a
SYN:   40 | e08e0050 becdae3a 00000000 a0027210 ec8d0000 020405b4
ACK:   32 | e08e0050 becdae3b 1184cd19 8010003a db280000 0101080a
Go to http:  180 | e08e0050 becdae3b 1184cd19 8018003a f3600000 0101080a
HTTP PUT:  148 | 50555420 2f204854 54502f31 2e310d0a 55736572 2d416765
Go to http:  180 | e08e0050 becdae3b 1184cd19 8018003a c8f10000 0101080a
HTTP PUT:  148 | 50555420 2f204854 54502f31 2e310d0a 55736572 2d416765
Go to http:  180 | e08c0050 75821a25 0a723401 8018003a c8f10000 0101080a
HTTP PUT:  148 | 50555420 2f204854 54502f31 2e310d0a 55736572 2d416765
Go to http:  180 | e08e0050 becdae3b 1184cd19 8018003a c8f10000 0101080a
HTTP PUT:  148 | 50555420 2f204854 54502f31 2e310d0a 55736572 2d416765
Go to http:  180 | e08d0050 bbd7fa7c 973f73ec 8018003a c8f10000 0101080a
HTTP PUT:  148 | 50555420 2f204854 54502f31 2e310d0a 55736572 2d416765
Go to http:  180 | e08e0050 becdae3b 1184cd19 8018003a c8f10000 0101080a
HTTP PUT:  148 | 50555420 2f204854 54502f31 2e310d0a 55736572 2d416765
Go to http:  106 | e0800050 6c516d09 0737f5bc 8018003a 4d520000 0101080a
Go to http:  180 | e08d0050 bbd7fa7c 973f73ec 8018003a c8f10000 0101080a
HTTP PUT:  148 | 50555420 2f204854 54502f31 2e310d0a 55736572 2d416765
Go to http:  180 | e08e0050 becdae3b 1184cd19 8018003a c8f10000 0101080a
HTTP PUT:  148 | 50555420 2f204854 54502f31 2e310d0a 55736572 2d416765
Go to http:  180 | e08d0050 bbd7fa7c 973f73ec 8018003a c8f10000 0101080a
HTTP PUT:  148 | 50555420 2f204854 54502f31 2e310d0a 55736572 2d416765
FIN ACK:   32 | e08e0050 becdaecf 1184cd19 8011003a c85d0000 0101080a
SYN:   40 | e08f0050 ecbf91bd 00000000 a0027210 d8240000 020405b4
ACK:   32 | e08f0050 ecbf91be 787921bc 8010003a 08400000 0101080a
Go to http:  188 | e08f0050 ecbf91be 787921bc 8018003a 059d0000 0101080a
HTTP PUT:  156 | 50555420 2f204854 54502f31 2e310d0a 55736572 2d416765
Go to http:  188 | e08f0050 ecbf91be 787921bc 8018003a c8f90000 0101080a
HTTP PUT:  156 | 50555420 2f204854 54502f31 2e310d0a 55736572 2d416765
Go to http:  188 | e08f0050 ecbf91be 787921bc 8018003a c8f90000 0101080a
HTTP PUT:  156 | 50555420 2f204854 54502f31 2e310d0a 55736572 2d416765
Go to http:  106 | d2390050 0dae0406 821161ad 8018003a ebd10000 0101080a
Go to http:  188 | e08f0050 ecbf91be 787921bc 8018003a c8f90000 0101080a
HTTP PUT:  156 | 50555420 2f204854 54502f31 2e310d0a 55736572 2d416765
Go to http:  180 | e08c0050 75821a25 0a723401 8018003a c8f10000 0101080a
HTTP PUT:  148 | 50555420 2f204854 54502f31 2e310d0a 55736572 2d416765
Go to http:  180 | e08e0050 becdae3b 1184cd19 8018003a c8f10000 0101080a
HTTP PUT:  148 | 50555420 2f204854 54502f31 2e310d0a 55736572 2d416765
Go to http:  180 | e08d0050 bbd7fa7c 973f73ec 8018003a c8f10000 0101080a
HTTP PUT:  148 | 50555420 2f204854 54502f31 2e310d0a 55736572 2d416765
Go to http:  180 | e08e0050 becdae3b 1184cd19 8018003a c8f10000 0101080a
HTTP PUT:  148 | 50555420 2f204854 54502f31 2e310d0a 55736572 2d416765
Go to http:  188 | e08f0050 ecbf91be 787921bc 8018003a c8f90000 0101080a
HTTP PUT:  156 | 50555420 2f204854 54502f31 2e310d0a 55736572 2d416765
Go to http:  180 | e08e0050 becdae3b 1184cd19 8018003a c8f10000 0101080a
HTTP PUT:  148 | 50555420 2f204854 54502f31 2e310d0a 55736572 2d416765
Go to http:  106 | d66a0050 1990823c 4ca9b3a7 8018003a 872a0000 0101080a
FIN ACK:   32 | e08f0050 ecbf925a 787921bc 8011003a c85d0000 0101080a
SYN:   40 | e0900050 c80d6dcd 00000000 a0027210 1dd30000 020405b4
ACK:   32 | e0900050 c80d6dce 8ffcd9c2 8010003a 7b760000 0101080a
Go to http:  190 | e0900050 c80d6dce 8ffcd9c2 8018003a 11210000 0101080a
HTTP PUT:  158 | 50555420 2f204854 54502f31 2e310d0a 55736572 2d416765
Go to http:  190 | e0900050 c80d6dce 8ffcd9c2 8018003a c8fb0000 0101080a
HTTP PUT:  158 | 50555420 2f204854 54502f31 2e310d0a 55736572 2d416765
Go to http:  190 | e0900050 c80d6dce 8ffcd9c2 8018003a c8fb0000 0101080a
HTTP PUT:  158 | 50555420 2f204854 54502f31 2e310d0a 55736572 2d416765
Go to http:  106 | eba60050 5e7ba412 d2323229 8018003a 09220000 0101080a
Go to http:  188 | e08f0050 ecbf91be 787921bc 8018003a c8f90000 0101080a
HTTP PUT:  156 | 50555420 2f204854 54502f31 2e310d0a 55736572 2d416765
Go to http:  190 | e0900050 c80d6dce 8ffcd9c2 8018003a c8fb0000 0101080a
HTTP PUT:  158 | 50555420 2f204854 54502f31 2e310d0a 55736572 2d416765
Go to http:  188 | e08f0050 ecbf91be 787921bc 8018003a c8f90000 0101080a
HTTP PUT:  156 | 50555420 2f204854 54502f31 2e310d0a 55736572 2d416765
Go to http:  180 | e08e0050 becdae3b 1184cd19 8018003a c8f10000 0101080a
HTTP PUT:  148 | 50555420 2f204854 54502f31 2e310d0a 55736572 2d416765
Go to http:  190 | e0900050 c80d6dce 8ffcd9c2 8018003a c8fb0000 0101080a
HTTP PUT:  158 | 50555420 2f204854 54502f31 2e310d0a 55736572 2d416765
Go to http:  188 | e08f0050 ecbf91be 787921bc 8018003a c8f90000 0101080a
HTTP PUT:  156 | 50555420 2f204854 54502f31 2e310d0a 55736572 2d416765
Go to http:  180 | e08d0050 bbd7fa7c 973f73ec 8018003a c8f10000 0101080a
HTTP PUT:  148 | 50555420 2f204854 54502f31 2e310d0a 55736572 2d416765
FIN ACK:   32 | e0900050 c80d6e6c 8ffcd9c2 8011003a c85d0000 0101080a
SYN:   40 | ebb60050 3bdc6e34 00000000 a0027210 9b840000 020405b4
ACK:   32 | ebb60050 3bdc6e35 308807f3 8010003a 27760000 0101080a
Go to http:  180 | ebb60050 3bdc6e35 308807f3 8018003a 35960000 0101080a
HTTP PUT:  148 | 50555420 2f204854 54502f31 2e310d0a 55736572 2d416765
Go to http:  180 | ebb60050 3bdc6e35 308807f3 8018003a c8f20000 0101080a
HTTP PUT:  148 | 50555420 2f204854 54502f31 2e310d0a 55736572 2d416765
Go to http:  180 | ebb60050 3bdc6e35 308807f3 8018003a c8f20000 0101080a
HTTP PUT:  148 | 50555420 2f204854 54502f31 2e310d0a 55736572 2d416765
Go to http:  190 | e0900050 c80d6dce 8ffcd9c2 8018003a c8fb0000 0101080a
HTTP PUT:  158 | 50555420 2f204854 54502f31 2e310d0a 55736572 2d416765
Go to http:  180 | ebb60050 3bdc6e35 308807f3 8018003a c8f20000 0101080a
HTTP PUT:  148 | 50555420 2f204854 54502f31 2e310d0a 55736572 2d416765
Go to http:  188 | e08f0050 ecbf91be 787921bc 8018003a c8f90000 0101080a
HTTP PUT:  156 | 50555420 2f204854 54502f31 2e310d0a 55736572 2d416765
Go to http:  190 | e0900050 c80d6dce 8ffcd9c2 8018003a c8fb0000 0101080a
HTTP PUT:  158 | 50555420 2f204854 54502f31 2e310d0a 55736572 2d416765
Go to http:  180 | e08c0050 75821a25 0a723401 8018003a 5f390000 0101080a
HTTP PUT:  148 | 50555420 2f204854 54502f31 2e310d0a 55736572 2d416765
Go to http:  180 | ebb60050 3bdc6e35 308807f3 8018003a c8f20000 0101080a
HTTP PUT:  148 | 50555420 2f204854 54502f31 2e310d0a 55736572 2d416765
Go to http:  190 | e0900050 c80d6dce 8ffcd9c2 8018003a c8fb0000 0101080a
HTTP PUT:  158 | 50555420 2f204854 54502f31 2e310d0a 55736572 2d416765
Go to http:  180 | e08e0050 becdae3b 1184cd19 8018003a c8f10000 0101080a
HTTP PUT:  148 | 50555420 2f204854 54502f31 2e310d0a 55736572 2d416765
FIN ACK:   32 | ebb60050 3bdc6ec9 308807f3 8011003a c85e0000 0101080a
SYN:   40 | ebb70050 e3b90567 00000000 a0027210 59810000 020405b4
ACK:   32 | ebb70050 e3b90568 cd45098e 8010003a 442c0000 0101080a
Go to http:  180 | ebb70050 e3b90568 cd45098e 8018003a 535d0000 0101080a
HTTP PUT:  148 | 50555420 2f204854 54502f31 2e310d0a 55736572 2d416765
Go to http:  180 | ebb70050 e3b90568 cd45098e 8018003a c8f20000 0101080a
HTTP PUT:  148 | 50555420 2f204854 54502f31 2e310d0a 55736572 2d416765
Go to http:  180 | ebb70050 e3b90568 cd45098e 8018003a c8f20000 0101080a
HTTP PUT:  148 | 50555420 2f204854 54502f31 2e310d0a 55736572 2d416765
Go to http:  190 | e0900050 c80d6dce 8ffcd9c2 8018003a c8fb0000 0101080a
HTTP PUT:  158 | 50555420 2f204854 54502f31 2e310d0a 55736572 2d416765
Go to http:  180 | ebb60050 3bdc6e35 308807f3 8018003a c8f20000 0101080a
HTTP PUT:  148 | 50555420 2f204854 54502f31 2e310d0a 55736572 2d416765
Go to http:  106 | d2390050 0dae0406 821161ad 8018003a 28440000 0101080a
Go to http:  180 | ebb70050 e3b90568 cd45098e 8018003a c8f20000 0101080a
HTTP PUT:  148 | 50555420 2f204854 54502f31 2e310d0a 55736572 2d416765
Go to http:  180 | ebb60050 3bdc6e35 308807f3 8018003a c8f20000 0101080a
HTTP PUT:  148 | 50555420 2f204854 54502f31 2e310d0a 55736572 2d416765
Go to http:  188 | e08f0050 ecbf91be 787921bc 8018003a c8f90000 0101080a
HTTP PUT:  156 | 50555420 2f204854 54502f31 2e310d0a 55736572 2d416765
Go to http:  180 | ebb70050 e3b90568 cd45098e 8018003a c8f20000 0101080a
HTTP PUT:  148 | 50555420 2f204854 54502f31 2e310d0a 55736572 2d416765
Go to http:  180 | ebb60050 3bdc6e35 308807f3 8018003a c8f20000 0101080a
HTTP PUT:  148 | 50555420 2f204854 54502f31 2e310d0a 55736572 2d416765
FIN ACK:   32 | ebb70050 e3b905fc cd45098e 8011003a c85e0000 0101080a
SYN:   40 | ebb80050 f575f702 00000000 a0027210 53360000 020405b4
ACK:   32 | ebb80050 f575f703 f5bfb26e 8010003a 69930000 0101080a
Go to http:  180 | ebb80050 f575f703 f5bfb26e 8018003a 81cb0000 0101080a
HTTP PUT:  148 | 50555420 2f204854 54502f31 2e310d0a 55736572 2d416765
Go to http:  180 | ebb80050 f575f703 f5bfb26e 8018003a 81910000 0101080a
HTTP PUT:  148 | 50555420 2f204854 54502f31 2e310d0a 55736572 2d416765
Go to http:  180 | ebb80050 f575f703 f5bfb26e 8018003a c8f20000 0101080a
HTTP PUT:  148 | 50555420 2f204854 54502f31 2e310d0a 55736572 2d416765
Go to http:  180 | ebb70050 e3b90568 cd45098e 8018003a c8f20000 0101080a
HTTP PUT:  148 | 50555420 2f204854 54502f31 2e310d0a 55736572 2d416765
Go to http:  180 | ebb60050 3bdc6e35 308807f3 8018003a c8f20000 0101080a
HTTP PUT:  148 | 50555420 2f204854 54502f31 2e310d0a 55736572 2d416765
Go to http:  180 | ebb80050 f575f703 f5bfb26e 8018003a c8f20000 0101080a
HTTP PUT:  148 | 50555420 2f204854 54502f31 2e310d0a 55736572 2d416765
Go to http:  180 | ebb70050 e3b90568 cd45098e 8018003a c8f20000 0101080a
HTTP PUT:  148 | 50555420 2f204854 54502f31 2e310d0a 55736572 2d416765
Go to http:  180 | e08d0050 bbd7fa7c 973f73ec 8018003a 64c10000 0101080a
HTTP PUT:  148 | 50555420 2f204854 54502f31 2e310d0a 55736572 2d416765
Go to http:  190 | e0900050 c80d6dce 8ffcd9c2 8018003a c8fb0000 0101080a
HTTP PUT:  158 | 50555420 2f204854 54502f31 2e310d0a 55736572 2d416765
Go to http:  180 | ebb80050 f575f703 f5bfb26e 8018003a c8f20000 0101080a
HTTP PUT:  148 | 50555420 2f204854 54502f31 2e310d0a 55736572 2d416765
Go to http:  180 | ebb70050 e3b90568 cd45098e 8018003a c8f20000 0101080a
HTTP PUT:  148 | 50555420 2f204854 54502f31 2e310d0a 55736572 2d416765
Go to http:  106 | e0800050 6c516d09 0737f5bc 8018003a 3dc60000 0101080a
FIN ACK:   32 | ebb80050 f575f797 f5bfb26e 8011003a c85e0000 0101080a
SYN:   40 | ebb90050 c5224a4a 00000000 a0027210 2d4f0000 020405b4
ACK:   32 | ebb90050 c5224a4b be8e2ec2 8010003a fb980000 0101080a
Go to http:  188 | ebb90050 c5224a4b be8e2ec2 8018003a f8f50000 0101080a
HTTP PUT:  156 | 50555420 2f204854 54502f31 2e310d0a 55736572 2d416765
Go to http:  188 | ebb90050 c5224a4b be8e2ec2 8018003a c8fa0000 0101080a
HTTP PUT:  156 | 50555420 2f204854 54502f31 2e310d0a 55736572 2d416765
Go to http:  188 | ebb90050 c5224a4b be8e2ec2 8018003a c8fa0000 0101080a
HTTP PUT:  156 | 50555420 2f204854 54502f31 2e310d0a 55736572 2d416765
Go to http:  180 | ebb70050 e3b90568 cd45098e 8018003a c8f20000 0101080a
HTTP PUT:  148 | 50555420 2f204854 54502f31 2e310d0a 55736572 2d416765
Go to http:  180 | ebb80050 f575f703 f5bfb26e 8018003a c8f20000 0101080a
HTTP PUT:  148 | 50555420 2f204854 54502f31 2e310d0a 55736572 2d416765
Go to http:  188 | ebb90050 c5224a4b be8e2ec2 8018003a c8fa0000 0101080a
HTTP PUT:  156 | 50555420 2f204854 54502f31 2e310d0a 55736572 2d416765
Go to http:  180 | ebb80050 f575f703 f5bfb26e 8018003a c8f20000 0101080a
HTTP PUT:  148 | 50555420 2f204854 54502f31 2e310d0a 55736572 2d416765
Go to http:  180 | e08e0050 becdae3b 1184cd19 8018003a dd6e0000 0101080a
HTTP PUT:  148 | 50555420 2f204854 54502f31 2e310d0a 55736572 2d416765
Go to http:  180 | ebb60050 3bdc6e35 308807f3 8018003a c8f20000 0101080a
HTTP PUT:  148 | 50555420 2f204854 54502f31 2e310d0a 55736572 2d416765
Go to http:  188 | ebb90050 c5224a4b be8e2ec2 8018003a c8fa0000 0101080a
HTTP PUT:  156 | 50555420 2f204854 54502f31 2e310d0a 55736572 2d416765
Go to http:  180 | ebb80050 f575f703 f5bfb26e 8018003a c8f20000 0101080a
HTTP PUT:  148 | 50555420 2f204854 54502f31 2e310d0a 55736572 2d416765
Go to http:  106 | d66a0050 1990823c 4ca9b3a7 8018003a 78a20000 0101080a
FIN ACK:   32 | ebb90050 c5224ae7 be8e2ec2 8011003a c85e0000 0101080a
SYN:   40 | ebba0050 70d82064 00000000 a0027210 a88c0000 020405b4
ACK:   32 | ebba0050 70d82065 bca97028 8010003a 34630000 0101080a
Go to http:  190 | ebba0050 70d82065 bca97028 8018003a ca0e0000 0101080a
HTTP PUT:  158 | 50555420 2f204854 54502f31 2e310d0a 55736572 2d416765
Go to http:  188 | e08f0050 ecbf91be 787921bc 8018003a f0ef0000 0101080a
HTTP PUT:  156 | 50555420 2f204854 54502f31 2e310d0a 55736572 2d416765
Go to http:  190 | ebba0050 70d82065 bca97028 8018003a c8fc0000 0101080a
HTTP PUT:  158 | 50555420 2f204854 54502f31 2e310d0a 55736572 2d416765
Go to http:  190 | ebba0050 70d82065 bca97028 8018003a c8fc0000 0101080a
HTTP PUT:  158 | 50555420 2f204854 54502f31 2e310d0a 55736572 2d416765
Go to http:  188 | ebb90050 c5224a4b be8e2ec2 8018003a c8fa0000 0101080a
HTTP PUT:  156 | 50555420 2f204854 54502f31 2e310d0a 55736572 2d416765
Go to http:  180 | ebb80050 f575f703 f5bfb26e 8018003a c8f20000 0101080a
HTTP PUT:  148 | 50555420 2f204854 54502f31 2e310d0a 55736572 2d416765
Go to http:  190 | ebba0050 70d82065 bca97028 8018003a c8fc0000 0101080a
HTTP PUT:  158 | 50555420 2f204854 54502f31 2e310d0a 55736572 2d416765
Go to http:  188 | ebb90050 c5224a4b be8e2ec2 8018003a c8fa0000 0101080a
HTTP PUT:  156 | 50555420 2f204854 54502f31 2e310d0a 55736572 2d416765
Go to http:  180 | ebb70050 e3b90568 cd45098e 8018003a c8f20000 0101080a
HTTP PUT:  148 | 50555420 2f204854 54502f31 2e310d0a 55736572 2d416765
Go to http:  190 | ebba0050 70d82065 bca97028 8018003a c8fc0000 0101080a
HTTP PUT:  158 | 50555420 2f204854 54502f31 2e310d0a 55736572 2d416765
Go to http:  188 | ebb90050 c5224a4b be8e2ec2 8018003a c8fa0000 0101080a
HTTP PUT:  156 | 50555420 2f204854 54502f31 2e310d0a 55736572 2d416765
Go to http:  190 | e0900050 c80d6dce 8ffcd9c2 8018003a fd5e0000 0101080a
HTTP PUT:  158 | 50555420 2f204854 54502f31 2e310d0a 55736572 2d416765
FIN ACK:   32 | ebba0050 70d82103 bca97028 8011003a c85e0000 0101080a
SYN:   40 | cd9d0050 9b9ae694 00000000 a0027210 d2ce0000 020405b4
ACK:   32 | cd9d0050 9b9ae695 cdbf2aa8 8010003a 901e0000 0101080a
Go to http:  181 | cd9d0050 9b9ae695 cdbf2aa8 8018003a d75e0000 0101080a
HTTP POST:  149 | 504f5354 202f2048 5454502f 312e310d 0a557365 722d4167
ACK:   32 | cd9d0050 9b9ae72a cdbf2b03 8010003a d6c90000 0101080a
ACK:   32 | cd9d0050 9b9ae72a cdbf2b46 8010003a d6c90000 0101080a
FIN ACK:   32 | cd9d0050 9b9ae72a cdbf2b47 8011003a d6c90000 0101080a
SYN:   40 | d2850050 1fe82744 00000000 a0027210 08de0000 020405b4
ACK:   32 | d2850050 1fe82745 0fb01d21 8010003a 91b90000 0101080a
Go to http:  181 | d2850050 1fe82745 0fb01d21 8018003a ebe40000 0101080a
HTTP POST:  149 | 504f5354 202f2048 5454502f 312e310d 0a557365 722d4167
ACK:   32 | d2850050 1fe827da 0fb01d7c 8010003a eb4f0000 0101080a
ACK:   32 | d2850050 1fe827da 0fb01dbf 8010003a eb4f0000 0101080a
FIN ACK:   32 | d2850050 1fe827da 0fb01dc0 8011003a eb4f0000 0101080a
ACK:   32 | e0800050 6c516d54 0737f5bd 8010003a 20ad0000 0101080a
ACK:   32 | ebba0050 70d82104 bca97029 8010003a c85e0000 0101080a
ACK:   32 | e08f0050 ecbf925b 787921bd 8010003a c85d0000 0101080a
ACK:   32 | ebb70050 e3b905fd cd45098f 8010003a c85e0000 0101080a
ACK:   32 | e08c0050 75821aba 0a723402 8010003a 28880000 0101080a
ACK:   32 | d2390050 0dae0451 821161ae 8010003a 0fd60000 0101080a
ACK:   32 | ebb80050 f575f798 f5bfb26f 8010003a c85e0000 0101080a
ACK:   32 | e0900050 c80d6e6d 8ffcd9c3 8010003a c85d0000 0101080a
ACK:   32 | eba60050 5e7ba45d d232322a 8010003a e4de0000 0101080a
ACK:   32 | e08d0050 bbd7fb11 973f73ed 8010003a 35180000 0101080a
ACK:   32 | d66a0050 19908287 4ca9b3a8 8010003a cde80000 0101080a
ACK:   32 | ebb90050 c5224ae8 be8e2ec3 8010003a c85e0000 0101080a
ACK:   32 | e08e0050 becdaed0 1184cd1a 8010003a c85d0000 0101080a
ACK:   32 | ebb60050 3bdc6eca 308807f4 8010003a c85e0000 0101080a
Go to http:  190 | ebba0050 70d82065 bca97029 8018003a c8fc0000 0101080a
HTTP PUT:  158 | 50555420 2f204854 54502f31 2e310d0a 55736572 2d416765
ToDevice(sw7-eth3): No such device or address
Go to http:  106 | eba60050 5e7ba412 d232322a 8018003a c8a80000 0101080a
ToDevice(sw7-eth3): No such device or address
Go to http:  180 | e08c0050 75821a25 0a723402 8018003a c8f10000 0101080a
HTTP PUT:  148 | 50555420 2f204854 54502f31 2e310d0a 55736572 2d416765
ToDevice(sw7-eth3): No such device or address
Go to http:  188 | ebb90050 c5224a4b be8e2ec3 8018003a c8fa0000 0101080a
HTTP PUT:  156 | 50555420 2f204854 54502f31 2e310d0a 55736572 2d416765
ToDevice(sw7-eth3): No such device or address
Go to http:  190 | ebba0050 70d82065 bca97029 8018003a c8fc0000 0101080a
HTTP PUT:  158 | 50555420 2f204854 54502f31 2e310d0a 55736572 2d416765
ToDevice(sw7-eth3): No such device or address
Go to http:  180 | ebb80050 f575f703 f5bfb26f 8018003a c8f20000 0101080a
HTTP PUT:  148 | 50555420 2f204854 54502f31 2e310d0a 55736572 2d416765
ToDevice(sw7-eth3): No such device or address
Go to http:  190 | ebba0050 70d82065 bca97029 8018003a c8fc0000 0101080a
HTTP PUT:  158 | 50555420 2f204854 54502f31 2e310d0a 55736572 2d416765
ToDevice(sw7-eth3): No such device or address
Another app is currently holding the xtables lock. Perhaps you want to use the -w option?
