From External IP Packet:   98 | 00000000 00020000 00000001 08004500 0054b984 40004001
Discarding unwanted IP Packet:   84 | 45000054 b9844000 4001b90f 6400000a 6400000b 0800e996
From External IP Packet:   98 | 00000000 00050000 00000001 08004500 0054ea91 40004001
ICMP ECHO from ext -> in:   84 | 45000054 ea914000 400187e5 6400000a 64000028 0800042a
Before to td1_arp get ip addres:  112 | 45000070 00010000 c8012a55 6400002d 6400000a 0301fcfe 00000000 45000054 ea914000 400187e5 6400000a 64000028 0800042a 76040001 cd668b62 00000000 5d340900 00000000 10111213 14151617 18191a1b 1c1d1e1f 20212223 24252627 28292a2b 2c2d2e2f 30313233 34353637
From External ARP Response:   42 | 3e03f085 27a50000 00000001 08060001 08000604 00020000
From External IP Packet:   98 | 00000000 00060000 00000001 08004500 005448c2 40004001
ICMP ECHO from ext -> in:   84 | 45000054 48c24000 400129b4 6400000a 64000029 0800a88c
Before to td1_arp get ip addres:  112 | 45000070 00020000 c8012a54 6400002d 6400000a 0301fcfe 00000000 45000054 48c24000 400129b4 6400000a 64000029 0800a88c 76050001 cd668b62 00000000 b8d00900 00000000 10111213 14151617 18191a1b 1c1d1e1f 20212223 24252627 28292a2b 2c2d2e2f 30313233 34353637
From External IP Packet:   98 | 00000000 00070000 00000001 08004500 00546986 40004001
ICMP ECHO from ext -> in:   84 | 45000054 69864000 400108ef 6400000a 6400002a 0800e155
Before to td1_arp get ip addres:  112 | 45000070 00030000 c8012a53 6400002d 6400000a 0301fcfe 00000000 45000054 69864000 400108ef 6400000a 6400002a 0800e155 76060001 cd668b62 00000000 7f060a00 00000000 10111213 14151617 18191a1b 1c1d1e1f 20212223 24252627 28292a2b 2c2d2e2f 30313233 34353637
From External IP Packet:   98 | 00000000 00080000 00000001 08004500 00542d1d 40004001
Discarding unwanted IP Packet:   84 | 45000054 2d1d4000 40014564 6400000a 6400001e 0800b726
From External IP Packet:   98 | 00000000 00050000 00000002 08004500 0054f74d 40004001
ICMP ECHO from ext -> in:   84 | 45000054 f74d4000 40017b28 6400000b 64000028 08007e4b
Before to td1_arp get ip addres:  112 | 45000070 00040000 c8012a51 6400002d 6400000b 0301fcfe 00000000 45000054 f74d4000 40017b28 6400000b 64000028 08007e4b 760c0001 ce668b62 00000000 e00a0b00 00000000 10111213 14151617 18191a1b 1c1d1e1f 20212223 24252627 28292a2b 2c2d2e2f 30313233 34353637
From External ARP Response:   42 | 3e03f085 27a50000 00000002 08060001 08000604 00020000
From External IP Packet:   98 | 00000000 00060000 00000002 08004500 0054df1e 40004001
ICMP ECHO from ext -> in:   84 | 45000054 df1e4000 40019356 6400000b 64000029 080028da
Before to td1_arp get ip addres:  112 | 45000070 00050000 c8012a50 6400002d 6400000b 0301fcfe 00000000 45000054 df1e4000 40019356 6400000b 64000029 080028da 760d0001 ce668b62 00000000 357b0b00 00000000 10111213 14151617 18191a1b 1c1d1e1f 20212223 24252627 28292a2b 2c2d2e2f 30313233 34353637
From External IP Packet:   98 | 00000000 00070000 00000002 08004500 0054703e 40004001
ICMP ECHO from ext -> in:   84 | 45000054 703e4000 40010236 6400000b 6400002a 08005aa4
Before to td1_arp get ip addres:  112 | 45000070 00060000 c8012a4f 6400002d 6400000b 0301fcfe 00000000 45000054 703e4000 40010236 6400000b 6400002a 08005aa4 760e0001 ce668b62 00000000 03b00b00 00000000 10111213 14151617 18191a1b 1c1d1e1f 20212223 24252627 28292a2b 2c2d2e2f 30313233 34353637
From External IP Packet:   98 | 00000000 00080000 00000002 08004500 0054d3c6 40004001
Discarding unwanted IP Packet:   84 | 45000054 d3c64000 40019eb9 6400000b 6400001e 08002c6f
From External ARP_Req:   42 | ffffffff ffff06f2 2833fb0e 08060001 08000604 000106f2
From External ARP_Req:   42 | ffffffff ffff06f2 2833fb0e 08060001 08000604 000106f2
From External ARP_Req:   42 | ffffffff ffff06f2 2833fb0e 08060001 08000604 000106f2
From External ARP_Req:   42 | ffffffff ffff06f2 2833fb0e 08060001 08000604 000106f2
From External ARP_Req:   42 | ffffffff ffff06f2 2833fb0e 08060001 08000604 000106f2
From External ARP_Req:   42 | ffffffff ffff06f2 2833fb0e 08060001 08000604 000106f2
From External ARP_Req:   42 | ffffffff ffff06f2 2833fb0e 08060001 08000604 000106f2
From External ARP_Req:   42 | ffffffff ffff06f2 2833fb0e 08060001 08000604 000106f2
From External ARP_Req:   42 | ffffffff ffff06f2 2833fb0e 08060001 08000604 000106f2
From External ARP_Req:   42 | ffffffff ffff06f2 2833fb0e 08060001 08000604 000106f2
From External ARP_Req:   42 | ffffffff ffff06f2 2833fb0e 08060001 08000604 000106f2
From Internal IP Packet:   98 | 00000000 00010000 00000005 08004500 0054bfa5 40004001
ICMP from INT to EXT:   84 | 45000054 bfa54000 4001b2d1 64000028 6400000a 0800dd22
From External IP Packet:   98 | 3e03f085 27a50000 00000001 08004500 0054d12b 00004001
ICMP from EXT to INT:   84 | 45000054 d12b0000 4001e146 6400000a 6400002d 0000e522
From Internal ARP Response:   42 | 46c11b68 ffff0000 00000005 08060001 08000604 00020000
From Internal IP Packet:   98 | 00000000 00020000 00000005 08004500 0054c6ae 40004001
ICMP from INT to EXT:   84 | 45000054 c6ae4000 4001abc7 64000028 6400000b 0800ec7a
From External IP Packet:   98 | 3e03f085 27a50000 00000002 08004500 0054f06d 00004001
ICMP from EXT to INT:   84 | 45000054 f06d0000 4001c203 6400000b 6400002d 0000f47a
From Internal IP Packet:   98 | 00000000 00060000 00000005 08004500 00542acd 40004001
ICMP from INT to EXT:   84 | 45000054 2acd4000 4001478b 64000028 64000029 0800961a
From Internal IP Packet:   98 | 00000000 00070000 00000005 08004500 0054def2 40004001
ICMP from INT to EXT:   84 | 45000054 def24000 40019364 64000028 6400002a 080007db
From Internal IP Packet:   98 | 00000000 00080000 00000005 08004500 00542dff 40004001
ICMP from INT to EXT:   84 | 45000054 2dff4000 40014464 64000028 6400001e 0800eaa2
From Internal IP Packet:   98 | 00000000 00010000 00000006 08004500 00546817 40004001
ICMP from INT to EXT:   84 | 45000054 68174000 40010a5f 64000029 6400000a 0800f086
From External IP Packet:   98 | 3e03f085 27a50000 00000001 08004500 0054d181 00004001
ICMP from EXT to INT:   84 | 45000054 d1810000 4001e0f0 6400000a 6400002d 0000f886
From Internal ARP Response:   42 | 46c11b68 ffff0000 00000006 08060001 08000604 00020000
From Internal IP Packet:   98 | 00000000 00020000 00000006 08004500 00542201 40004001
ICMP from INT to EXT:   84 | 45000054 22014000 40015074 64000029 6400000b 08003002
From External IP Packet:   98 | 3e03f085 27a50000 00000002 08004500 0054f106 00004001
ICMP from EXT to INT:   84 | 45000054 f1060000 4001c16a 6400000b 6400002d 00003802
From Internal IP Packet:   98 | 00000000 00080000 00000006 08004500 00549b4a 40004001
ICMP from INT to EXT:   84 | 45000054 9b4a4000 4001d717 64000029 6400001e 08001394
From Internal IP Packet:   98 | 00000000 00010000 00000007 08004500 00541916 40004001
ICMP from INT to EXT:   84 | 45000054 19164000 4001595f 6400002a 6400000a 0800f27f
From External IP Packet:   98 | 3e03f085 27a50000 00000001 08004500 0054d25c 00004001
ICMP from EXT to INT:   84 | 45000054 d25c0000 4001e015 6400000a 6400002d 0000fa7f
From Internal ARP Response:   42 | 46c11b68 ffff0000 00000007 08060001 08000604 00020000
From Internal IP Packet:   98 | 00000000 00020000 00000007 08004500 0054f0f4 40004001
ICMP from INT to EXT:   84 | 45000054 f0f44000 4001817f 6400002a 6400000b 080099e9
From External IP Packet:   98 | 3e03f085 27a50000 00000002 08004500 0054f1e7 00004001
ICMP from EXT to INT:   84 | 45000054 f1e70000 4001c089 6400000b 6400002d 0000a1e9
From Internal IP Packet:   98 | 00000000 00080000 00000007 08004500 0054c070 40004001
ICMP from INT to EXT:   84 | 45000054 c0704000 4001b1f0 6400002a 6400001e 08009154
From External IP Packet:   74 | 00000000 00050000 00000001 08004500 003cc85b 40004006
Discarding unwanted IP Packet:   60 | 4500003c c85b4000 4006aa2e 6400000a 64000028 eb7d0050
From External IP Packet:   74 | 00000000 00050000 00000001 08004500 003cc85c 40004006
Discarding unwanted IP Packet:   60 | 4500003c c85c4000 4006aa2d 6400000a 64000028 eb7d0050
From External IP Packet:   74 | 00000000 00060000 00000001 08004500 003ca030 40004006
Discarding unwanted IP Packet:   60 | 4500003c a0304000 4006d258 6400000a 64000029 aea20050
From External IP Packet:   74 | 00000000 00060000 00000001 08004500 003ca031 40004006
Discarding unwanted IP Packet:   60 | 4500003c a0314000 4006d257 6400000a 64000029 aea20050
From External IP Packet:   74 | 00000000 00070000 00000001 08004500 003cbca7 40004006
Discarding unwanted IP Packet:   60 | 4500003c bca74000 4006b5e0 6400000a 6400002a 93920050
From External IP Packet:   74 | 00000000 00070000 00000001 08004500 003cbca8 40004006
Discarding unwanted IP Packet:   60 | 4500003c bca84000 4006b5df 6400000a 6400002a 93920050
From External IP Packet:   74 | 00000000 00070000 00000001 08004500 003cbca9 40004006
Discarding unwanted IP Packet:   60 | 4500003c bca94000 4006b5de 6400000a 6400002a 93920050
From External IP Packet:   74 | 00000000 00050000 00000002 08004500 003c52a3 40004006
Discarding unwanted IP Packet:   60 | 4500003c 52a34000 40061fe6 6400000b 64000028 95eb0050
From External IP Packet:   74 | 00000000 00050000 00000002 08004500 003c52a4 40004006
Discarding unwanted IP Packet:   60 | 4500003c 52a44000 40061fe5 6400000b 64000028 95eb0050
From External IP Packet:   74 | 00000000 00060000 00000002 08004500 003cc4f2 40004006
Discarding unwanted IP Packet:   60 | 4500003c c4f24000 4006ad95 6400000b 64000029 e3a70050
From External IP Packet:   74 | 00000000 00060000 00000002 08004500 003cc4f3 40004006
Discarding unwanted IP Packet:   60 | 4500003c c4f34000 4006ad94 6400000b 64000029 e3a70050
From External IP Packet:   74 | 00000000 00060000 00000002 08004500 003cc4f4 40004006
Discarding unwanted IP Packet:   60 | 4500003c c4f44000 4006ad93 6400000b 64000029 e3a70050
From External IP Packet:   74 | 00000000 00070000 00000002 08004500 003cab8f 40004006
Discarding unwanted IP Packet:   60 | 4500003c ab8f4000 4006c6f7 6400000b 6400002a c0740050
From External IP Packet:   74 | 00000000 00070000 00000002 08004500 003cab90 40004006
Discarding unwanted IP Packet:   60 | 4500003c ab904000 4006c6f6 6400000b 6400002a c0740050
From External ARP_Req:   42 | ffffffff ffff06f2 2833fb0e 08060001 08000604 000106f2
From External ARP_Req:   42 | ffffffff ffff06f2 2833fb0e 08060001 08000604 000106f2
From External ARP_Req:   42 | ffffffff ffff06f2 2833fb0e 08060001 08000604 000106f2
From External ARP_Req:   42 | ffffffff ffff06f2 2833fb0e 08060001 08000604 000106f2
From External ARP_Req:   42 | ffffffff ffff06f2 2833fb0e 08060001 08000604 000106f2
From External ARP_Req:   42 | ffffffff ffff06f2 2833fb0e 08060001 08000604 000106f2
From External ARP_Req:   42 | ffffffff ffff06f2 2833fb0e 08060001 08000604 000106f2
From External ARP_Req:   42 | ffffffff ffff06f2 2833fb0e 08060001 08000604 000106f2
From External ARP_Req:   42 | ffffffff ffff06f2 2833fb0e 08060001 08000604 000106f2
From External ARP_Req:   42 | ffffffff ffff06f2 2833fb0e 08060001 08000604 000106f2
From External ARP_Req:   42 | ffffffff ffff06f2 2833fb0e 08060001 08000604 000106f2
From External ARP_Req:   42 | ffffffff ffff06f2 2833fb0e 08060001 08000604 000106f2
From External ARP_Req:   42 | 3e03f085 27a50000 00000001 08060001 08000604 00010000
From External ARP_Req:   42 | ffffffff ffff06f2 2833fb0e 08060001 08000604 000106f2
From External ARP_Req:   42 | 3e03f085 27a50000 00000002 08060001 08000604 00010000
From External ARP_Req:   42 | ffffffff ffff06f2 2833fb0e 08060001 08000604 000106f2
From External ARP_Req:   42 | ffffffff ffff06f2 2833fb0e 08060001 08000604 000106f2
From External ARP_Req:   42 | ffffffff ffff06f2 2833fb0e 08060001 08000604 000106f2
From External IP Packet:   74 | 3e03f085 27a50000 00000001 08004500 003cdfe1 40004006
IP from EXT to INT:   60 | 4500003c dfe14000 400692a3 6400000a 6400002d e0800050
From Internal IP Packet:   74 | 46c11b68 ffff0000 00000005 08004500 003c0000 40004006
IP from INT to EXT:   60 | 4500003c 00004000 40067267 64000028 6400002d 0050e080
From External ARP Response:   42 | 3e03f085 27a50000 00000001 08060001 08000604 00020000
From External IP Packet:   66 | 3e03f085 27a50000 00000001 08004500 0034dfe2 40004006
IP from EXT to INT:   52 | 45000034 dfe24000 400692aa 6400000a 6400002d e0800050
From External IP Packet:   66 | 3e03f085 27a50000 00000001 08004500 0034dfe8 40004006
IP from EXT to INT:   52 | 45000034 dfe84000 400692a4 6400000a 6400002d e0800050
From Internal IP Packet:   78 | 46c11b68 ffff0000 00000005 08004500 0040474b 40004006
IP from INT to EXT:   64 | 45000040 474b4000 40062b18 64000028 6400002d 0050e080
From External IP Packet:   74 | 3e03f085 27a50000 00000002 08004500 003c11cb 40004006
IP from EXT to INT:   60 | 4500003c 11cb4000 400660b9 6400000b 6400002d eba60050
From Internal IP Packet:   74 | 46c11b68 ffff0000 00000006 08004500 003c0000 40004006
IP from INT to EXT:   60 | 4500003c 00004000 40067266 64000029 6400002d 0050eba6
From External ARP Response:   42 | 3e03f085 27a50000 00000002 08060001 08000604 00020000
From External IP Packet:   66 | 3e03f085 27a50000 00000002 08004500 003411cc 40004006
IP from EXT to INT:   52 | 45000034 11cc4000 400660c0 6400000b 6400002d eba60050
From External IP Packet:   66 | 3e03f085 27a50000 00000002 08004500 003411d2 40004006
IP from EXT to INT:   52 | 45000034 11d24000 400660ba 6400000b 6400002d eba60050
From Internal IP Packet:   78 | 46c11b68 ffff0000 00000006 08004500 004087d8 40004006
IP from INT to EXT:   64 | 45000040 87d84000 4006ea89 64000029 6400002d 0050eba6
From Internal ARP Response:   42 | 46c11b68 ffff0000 00000006 08060001 08000604 00020000
From External IP Packet:   74 | 3e03f085 27a506f2 2833fb0e 08004500 003c3af6 40004006
IP from EXT to INT:   60 | 4500003c 3af64000 40063798 64000001 6400002d d66a0050
From Internal IP Packet:   74 | 46c11b68 ffff0000 00000007 08004500 003c0000 40004006
IP from INT to EXT:   60 | 4500003c 00004000 40067265 6400002a 6400002d 0050d66a
From External ARP Response:   42 | 3e03f085 27a506f2 2833fb0e 08060001 08000604 000206f2
From External IP Packet:   66 | 3e03f085 27a506f2 2833fb0e 08004500 00343af7 40004006
IP from EXT to INT:   52 | 45000034 3af74000 4006379f 64000001 6400002d d66a0050
From External IP Packet:   66 | 3e03f085 27a506f2 2833fb0e 08004500 00343afd 40004006
IP from EXT to INT:   52 | 45000034 3afd4000 40063799 64000001 6400002d d66a0050
From Internal IP Packet:   78 | 46c11b68 ffff0000 00000007 08004500 00400b70 40004006
IP from INT to EXT:   64 | 45000040 0b704000 400666f1 6400002a 6400002d 0050d66a
From Internal ARP Response:   42 | 46c11b68 ffff0000 00000007 08060001 08000604 00020000
From External IP Packet:   74 | 3e03f085 27a506f2 2833fb0e 08004500 003cbfba 40004006
IP from EXT to INT:   60 | 4500003c bfba4000 4006b2d3 64000001 6400002d d2390050
From Internal ARP Response:   42 | 46c11b68 ffff0000 00000005 08060001 08000604 00020000
From Internal IP Packet:   74 | 46c11b68 ffff0000 00000005 08004500 003c0000 40004006
IP from INT to EXT:   60 | 4500003c 00004000 40067267 64000028 6400002d 0050d239
From External IP Packet:   66 | 3e03f085 27a506f2 2833fb0e 08004500 0034bfbb 40004006
IP from EXT to INT:   52 | 45000034 bfbb4000 4006b2da 64000001 6400002d d2390050
From External IP Packet:   66 | 3e03f085 27a506f2 2833fb0e 08004500 0034bfc1 40004006
IP from EXT to INT:   52 | 45000034 bfc14000 4006b2d4 64000001 6400002d d2390050
From Internal IP Packet:   78 | 46c11b68 ffff0000 00000005 08004500 0040da7a 40004006
IP from INT to EXT:   64 | 45000040 da7a4000 400697e8 64000028 6400002d 0050d239
From External IP Packet:   74 | 3e03f085 27a50000 00000001 08004500 003cb226 40004006
IP from EXT to INT:   60 | 4500003c b2264000 4006c05e 6400000a 6400002d e0840050
From Internal IP Packet:   74 | 46c11b68 ffff0000 00000006 08004500 003c0000 40004006
IP from INT to EXT:   60 | 4500003c 00004000 40067266 64000029 6400002d 0050e084
From External IP Packet:   66 | 3e03f085 27a50000 00000001 08004500 0034b227 40004006
IP from EXT to INT:   52 | 45000034 b2274000 4006c065 6400000a 6400002d e0840050
From External IP Packet:  141 | 3e03f085 27a50000 00000001 08004500 007fb228 40004006
IP from EXT to INT:  127 | 4500007f b2284000 4006c019 6400000a 6400002d e0840050
From Internal IP Packet:   66 | 46c11b68 ffff0000 00000006 08004500 0034d62c 40004006
IP from INT to EXT:   52 | 45000034 d62c4000 40069c41 64000029 6400002d 0050e084
From Internal IP Packet:  157 | 46c11b68 ffff0000 00000006 08004500 008fd62d 40004006
IP from INT to EXT:  143 | 4500008f d62d4000 40069be5 64000029 6400002d 0050e084
From External IP Packet:   66 | 3e03f085 27a50000 00000001 08004500 0034b229 40004006
IP from EXT to INT:   52 | 45000034 b2294000 4006c063 6400000a 6400002d e0840050
From Internal IP Packet:  133 | 46c11b68 ffff0000 00000006 08004500 0077d62e 40004006
IP from INT to EXT:  119 | 45000077 d62e4000 40069bfc 64000029 6400002d 0050e084
From External IP Packet:   66 | 3e03f085 27a50000 00000001 08004500 0034b22a 40004006
IP from EXT to INT:   52 | 45000034 b22a4000 4006c062 6400000a 6400002d e0840050
From Internal IP Packet:   66 | 46c11b68 ffff0000 00000006 08004500 0034d62f 40004006
IP from INT to EXT:   52 | 45000034 d62f4000 40069c3e 64000029 6400002d 0050e084
From External IP Packet:   66 | 3e03f085 27a50000 00000001 08004500 0034b22b 40004006
IP from EXT to INT:   52 | 45000034 b22b4000 4006c061 6400000a 6400002d e0840050
From Internal IP Packet:   66 | 46c11b68 ffff0000 00000006 08004500 0034d630 40004006
IP from INT to EXT:   52 | 45000034 d6304000 40069c3d 64000029 6400002d 0050e084
From External IP Packet:   74 | 3e03f085 27a50000 00000001 08004500 003c2090 40004006
IP from EXT to INT:   60 | 4500003c 20904000 400651f5 6400000a 6400002d e0850050
From Internal IP Packet:   74 | 46c11b68 ffff0000 00000007 08004500 003c0000 40004006
IP from INT to EXT:   60 | 4500003c 00004000 40067265 6400002a 6400002d 0050e085
From External IP Packet:   66 | 3e03f085 27a50000 00000001 08004500 00342091 40004006
IP from EXT to INT:   52 | 45000034 20914000 400651fc 6400000a 6400002d e0850050
From External IP Packet:  140 | 3e03f085 27a50000 00000001 08004500 007e2092 40004006
IP from EXT to INT:  126 | 4500007e 20924000 400651b1 6400000a 6400002d e0850050
From Internal IP Packet:   66 | 46c11b68 ffff0000 00000007 08004500 00346de4 40004006
IP from INT to EXT:   52 | 45000034 6de44000 40060489 6400002a 6400002d 0050e085
From Internal IP Packet:  157 | 46c11b68 ffff0000 00000007 08004500 008f6de5 40004006
IP from INT to EXT:  143 | 4500008f 6de54000 4006042d 6400002a 6400002d 0050e085
From External IP Packet:   66 | 3e03f085 27a50000 00000001 08004500 00342093 40004006
IP from EXT to INT:   52 | 45000034 20934000 400651fa 6400000a 6400002d e0850050
From Internal IP Packet:  132 | 46c11b68 ffff0000 00000007 08004500 00766de6 40004006
IP from INT to EXT:  118 | 45000076 6de64000 40060445 6400002a 6400002d 0050e085
From External IP Packet:   66 | 3e03f085 27a50000 00000001 08004500 00342094 40004006
IP from EXT to INT:   52 | 45000034 20944000 400651f9 6400000a 6400002d e0850050
From Internal IP Packet:   66 | 46c11b68 ffff0000 00000007 08004500 00346de7 40004006
IP from INT to EXT:   52 | 45000034 6de74000 40060486 6400002a 6400002d 0050e085
From External IP Packet:   66 | 3e03f085 27a50000 00000001 08004500 00342095 40004006
IP from EXT to INT:   52 | 45000034 20954000 400651f8 6400000a 6400002d e0850050
From Internal IP Packet:   66 | 46c11b68 ffff0000 00000007 08004500 00346de8 40004006
IP from INT to EXT:   52 | 45000034 6de84000 40060485 6400002a 6400002d 0050e085
From External IP Packet:   74 | 3e03f085 27a50000 00000002 08004500 003c6ffb 40004006
IP from EXT to INT:   60 | 4500003c 6ffb4000 40060289 6400000b 6400002d ebab0050
From Internal IP Packet:   74 | 46c11b68 ffff0000 00000005 08004500 003c0000 40004006
IP from INT to EXT:   60 | 4500003c 00004000 40067267 64000028 6400002d 0050ebab
From External IP Packet:   66 | 3e03f085 27a50000 00000002 08004500 00346ffc 40004006
IP from EXT to INT:   52 | 45000034 6ffc4000 40060290 6400000b 6400002d ebab0050
From External IP Packet:  141 | 3e03f085 27a50000 00000002 08004500 007f6ffd 40004006
IP from EXT to INT:  127 | 4500007f 6ffd4000 40060244 6400000b 6400002d ebab0050
From Internal IP Packet:   66 | 46c11b68 ffff0000 00000005 08004500 00344eb8 40004006
IP from INT to EXT:   52 | 45000034 4eb84000 400623b7 64000028 6400002d 0050ebab
From Internal IP Packet:  157 | 46c11b68 ffff0000 00000005 08004500 008f4eb9 40004006
IP from INT to EXT:  143 | 4500008f 4eb94000 4006235b 64000028 6400002d 0050ebab
From External IP Packet:   66 | 3e03f085 27a50000 00000002 08004500 00346ffe 40004006
IP from EXT to INT:   52 | 45000034 6ffe4000 4006028e 6400000b 6400002d ebab0050
From Internal IP Packet:  133 | 46c11b68 ffff0000 00000005 08004500 00774eba 40004006
IP from INT to EXT:  119 | 45000077 4eba4000 40062372 64000028 6400002d 0050ebab
From External IP Packet:   66 | 3e03f085 27a50000 00000002 08004500 00346fff 40004006
IP from EXT to INT:   52 | 45000034 6fff4000 4006028d 6400000b 6400002d ebab0050
From Internal IP Packet:   66 | 46c11b68 ffff0000 00000005 08004500 00344ebb 40004006
IP from INT to EXT:   52 | 45000034 4ebb4000 400623b4 64000028 6400002d 0050ebab
From External IP Packet:   66 | 3e03f085 27a50000 00000002 08004500 00347000 40004006
IP from EXT to INT:   52 | 45000034 70004000 4006028c 6400000b 6400002d ebab0050
From Internal IP Packet:   66 | 46c11b68 ffff0000 00000005 08004500 00344ebc 40004006
IP from INT to EXT:   52 | 45000034 4ebc4000 400623b3 64000028 6400002d 0050ebab
From External IP Packet:   74 | 3e03f085 27a50000 00000002 08004500 003c52da 40004006
IP from EXT to INT:   60 | 4500003c 52da4000 40061faa 6400000b 6400002d ebac0050
From Internal IP Packet:   74 | 46c11b68 ffff0000 00000006 08004500 003c0000 40004006
IP from INT to EXT:   60 | 4500003c 00004000 40067266 64000029 6400002d 0050ebac
From External IP Packet:   66 | 3e03f085 27a50000 00000002 08004500 003452db 40004006
IP from EXT to INT:   52 | 45000034 52db4000 40061fb1 6400000b 6400002d ebac0050
From External IP Packet:  140 | 3e03f085 27a50000 00000002 08004500 007e52dc 40004006
IP from EXT to INT:  126 | 4500007e 52dc4000 40061f66 6400000b 6400002d ebac0050
From Internal IP Packet:   66 | 46c11b68 ffff0000 00000006 08004500 00349e85 40004006
IP from INT to EXT:   52 | 45000034 9e854000 4006d3e8 64000029 6400002d 0050ebac
From Internal IP Packet:  157 | 46c11b68 ffff0000 00000006 08004500 008f9e86 40004006
IP from INT to EXT:  143 | 4500008f 9e864000 4006d38c 64000029 6400002d 0050ebac
From External IP Packet:   66 | 3e03f085 27a50000 00000002 08004500 003452dd 40004006
IP from EXT to INT:   52 | 45000034 52dd4000 40061faf 6400000b 6400002d ebac0050
From Internal IP Packet:  132 | 46c11b68 ffff0000 00000006 08004500 00769e87 40004006
IP from INT to EXT:  118 | 45000076 9e874000 4006d3a4 64000029 6400002d 0050ebac
From External IP Packet:   66 | 3e03f085 27a50000 00000002 08004500 003452de 40004006
IP from EXT to INT:   52 | 45000034 52de4000 40061fae 6400000b 6400002d ebac0050
From Internal IP Packet:   66 | 46c11b68 ffff0000 00000006 08004500 00349e88 40004006
IP from INT to EXT:   52 | 45000034 9e884000 4006d3e5 64000029 6400002d 0050ebac
From External IP Packet:   66 | 3e03f085 27a50000 00000002 08004500 003452df 40004006
IP from EXT to INT:   52 | 45000034 52df4000 40061fad 6400000b 6400002d ebac0050
From Internal IP Packet:   66 | 46c11b68 ffff0000 00000006 08004500 00349e89 40004006
IP from INT to EXT:   52 | 45000034 9e894000 4006d3e4 64000029 6400002d 0050ebac
From External IP Packet:   74 | 3e03f085 27a506f2 2833fb0e 08004500 003c1cb7 40004006
IP from EXT to INT:   60 | 4500003c 1cb74000 400655d7 64000001 6400002d cf810050
From Internal IP Packet:   74 | 46c11b68 ffff0000 00000007 08004500 003c0000 40004006
IP from INT to EXT:   60 | 4500003c 00004000 40067265 6400002a 6400002d 0050cf81
From External IP Packet:   66 | 3e03f085 27a506f2 2833fb0e 08004500 00341cb8 40004006
IP from EXT to INT:   52 | 45000034 1cb84000 400655de 64000001 6400002d cf810050
From External IP Packet:  141 | 3e03f085 27a506f2 2833fb0e 08004500 007f1cb9 40004006
IP from EXT to INT:  127 | 4500007f 1cb94000 40065592 64000001 6400002d cf810050
From Internal IP Packet:   66 | 46c11b68 ffff0000 00000007 08004500 00343745 40004006
IP from INT to EXT:   52 | 45000034 37454000 40063b28 6400002a 6400002d 0050cf81
From Internal IP Packet:  157 | 46c11b68 ffff0000 00000007 08004500 008f3746 40004006
IP from INT to EXT:  143 | 4500008f 37464000 40063acc 6400002a 6400002d 0050cf81
From External IP Packet:   66 | 3e03f085 27a506f2 2833fb0e 08004500 00341cba 40004006
IP from EXT to INT:   52 | 45000034 1cba4000 400655dc 64000001 6400002d cf810050
From Internal IP Packet:  133 | 46c11b68 ffff0000 00000007 08004500 00773747 40004006
IP from INT to EXT:  119 | 45000077 37474000 40063ae3 6400002a 6400002d 0050cf81
From External IP Packet:   66 | 3e03f085 27a506f2 2833fb0e 08004500 00341cbb 40004006
IP from EXT to INT:   52 | 45000034 1cbb4000 400655db 64000001 6400002d cf810050
From Internal IP Packet:   66 | 46c11b68 ffff0000 00000007 08004500 00343748 40004006
IP from INT to EXT:   52 | 45000034 37484000 40063b25 6400002a 6400002d 0050cf81
From External IP Packet:   66 | 3e03f085 27a506f2 2833fb0e 08004500 00341cbc 40004006
IP from EXT to INT:   52 | 45000034 1cbc4000 400655da 64000001 6400002d cf810050
From Internal IP Packet:   66 | 46c11b68 ffff0000 00000007 08004500 00343749 40004006
IP from INT to EXT:   52 | 45000034 37494000 40063b24 6400002a 6400002d 0050cf81
From External IP Packet:   74 | 3e03f085 27a506f2 2833fb0e 08004500 003cfbc8 40004006
IP from EXT to INT:   60 | 4500003c fbc84000 400676c5 64000001 6400002d ca390050
From Internal IP Packet:   74 | 46c11b68 ffff0000 00000005 08004500 003c0000 40004006
IP from INT to EXT:   60 | 4500003c 00004000 40067267 64000028 6400002d 0050ca39
From External IP Packet:   66 | 3e03f085 27a506f2 2833fb0e 08004500 0034fbc9 40004006
IP from EXT to INT:   52 | 45000034 fbc94000 400676cc 64000001 6400002d ca390050
From External IP Packet:  140 | 3e03f085 27a506f2 2833fb0e 08004500 007efbca 40004006
IP from EXT to INT:  126 | 4500007e fbca4000 40067681 64000001 6400002d ca390050
From Internal IP Packet:   66 | 46c11b68 ffff0000 00000005 08004500 003467ce 40004006
IP from INT to EXT:   52 | 45000034 67ce4000 40060aa1 64000028 6400002d 0050ca39
From Internal IP Packet:  157 | 46c11b68 ffff0000 00000005 08004500 008f67cf 40004006
IP from INT to EXT:  143 | 4500008f 67cf4000 40060a45 64000028 6400002d 0050ca39
From External IP Packet:   66 | 3e03f085 27a506f2 2833fb0e 08004500 0034fbcb 40004006
IP from EXT to INT:   52 | 45000034 fbcb4000 400676ca 64000001 6400002d ca390050
From Internal IP Packet:  132 | 46c11b68 ffff0000 00000005 08004500 007667d0 40004006
IP from INT to EXT:  118 | 45000076 67d04000 40060a5d 64000028 6400002d 0050ca39
From External IP Packet:   66 | 3e03f085 27a506f2 2833fb0e 08004500 0034fbcc 40004006
IP from EXT to INT:   52 | 45000034 fbcc4000 400676c9 64000001 6400002d ca390050
From Internal IP Packet:   66 | 46c11b68 ffff0000 00000005 08004500 003467d1 40004006
IP from INT to EXT:   52 | 45000034 67d14000 40060a9e 64000028 6400002d 0050ca39
From External IP Packet:   66 | 3e03f085 27a506f2 2833fb0e 08004500 0034fbcd 40004006
IP from EXT to INT:   52 | 45000034 fbcd4000 400676c8 64000001 6400002d ca390050
From Internal IP Packet:   66 | 46c11b68 ffff0000 00000005 08004500 003467d2 40004006
IP from INT to EXT:   52 | 45000034 67d24000 40060a9d 64000028 6400002d 0050ca39
From External IP Packet:   74 | 3e03f085 27a506f2 2833fb0e 08004500 003cd16b 40004006
IP from EXT to INT:   60 | 4500003c d16b4000 4006a122 64000001 6400002d d6960050
From Internal IP Packet:   74 | 46c11b68 ffff0000 00000006 08004500 003c0000 40004006
IP from INT to EXT:   60 | 4500003c 00004000 40067266 64000029 6400002d 0050d696
From External IP Packet:   66 | 3e03f085 27a506f2 2833fb0e 08004500 0034d16c 40004006
IP from EXT to INT:   52 | 45000034 d16c4000 4006a129 64000001 6400002d d6960050
From External IP Packet:  141 | 3e03f085 27a506f2 2833fb0e 08004500 007fd16d 40004006
IP from EXT to INT:  127 | 4500007f d16d4000 4006a0dd 64000001 6400002d d6960050
From Internal IP Packet:   66 | 46c11b68 ffff0000 00000006 08004500 0034cb55 40004006
IP from INT to EXT:   52 | 45000034 cb554000 4006a718 64000029 6400002d 0050d696
From Internal IP Packet:  157 | 46c11b68 ffff0000 00000006 08004500 008fcb56 40004006
IP from INT to EXT:  143 | 4500008f cb564000 4006a6bc 64000029 6400002d 0050d696
From External IP Packet:   66 | 3e03f085 27a506f2 2833fb0e 08004500 0034d16e 40004006
IP from EXT to INT:   52 | 45000034 d16e4000 4006a127 64000001 6400002d d6960050
From Internal IP Packet:  133 | 46c11b68 ffff0000 00000006 08004500 0077cb57 40004006
IP from INT to EXT:  119 | 45000077 cb574000 4006a6d3 64000029 6400002d 0050d696
From External IP Packet:   66 | 3e03f085 27a506f2 2833fb0e 08004500 0034d16f 40004006
IP from EXT to INT:   52 | 45000034 d16f4000 4006a126 64000001 6400002d d6960050
From Internal IP Packet:   66 | 46c11b68 ffff0000 00000006 08004500 0034cb58 40004006
IP from INT to EXT:   52 | 45000034 cb584000 4006a715 64000029 6400002d 0050d696
From External IP Packet:   66 | 3e03f085 27a506f2 2833fb0e 08004500 0034d170 40004006
IP from EXT to INT:   52 | 45000034 d1704000 4006a125 64000001 6400002d d6960050
From Internal IP Packet:   66 | 46c11b68 ffff0000 00000006 08004500 0034cb59 40004006
IP from INT to EXT:   52 | 45000034 cb594000 4006a714 64000029 6400002d 0050d696
From External IP Packet:   74 | 3e03f085 27a506f2 2833fb0e 08004500 003c4acf 40004006
IP from EXT to INT:   60 | 4500003c 4acf4000 400627bf 64000001 6400002d d4840050
From Internal IP Packet:   74 | 46c11b68 ffff0000 00000007 08004500 003c0000 40004006
IP from INT to EXT:   60 | 4500003c 00004000 40067265 6400002a 6400002d 0050d484
From External IP Packet:   66 | 3e03f085 27a506f2 2833fb0e 08004500 00344ad0 40004006
IP from EXT to INT:   52 | 45000034 4ad04000 400627c6 64000001 6400002d d4840050
From External IP Packet:  140 | 3e03f085 27a506f2 2833fb0e 08004500 007e4ad1 40004006
IP from EXT to INT:  126 | 4500007e 4ad14000 4006277b 64000001 6400002d d4840050
From Internal IP Packet:   66 | 46c11b68 ffff0000 00000007 08004500 003414da 40004006
IP from INT to EXT:   52 | 45000034 14da4000 40065d93 6400002a 6400002d 0050d484
From Internal IP Packet:  157 | 46c11b68 ffff0000 00000007 08004500 008f14db 40004006
IP from INT to EXT:  143 | 4500008f 14db4000 40065d37 6400002a 6400002d 0050d484
From External IP Packet:   66 | 3e03f085 27a506f2 2833fb0e 08004500 00344ad2 40004006
IP from EXT to INT:   52 | 45000034 4ad24000 400627c4 64000001 6400002d d4840050
From Internal IP Packet:  132 | 46c11b68 ffff0000 00000007 08004500 007614dc 40004006
IP from INT to EXT:  118 | 45000076 14dc4000 40065d4f 6400002a 6400002d 0050d484
From External IP Packet:   66 | 3e03f085 27a506f2 2833fb0e 08004500 00344ad3 40004006
IP from EXT to INT:   52 | 45000034 4ad34000 400627c3 64000001 6400002d d4840050
From Internal IP Packet:   66 | 46c11b68 ffff0000 00000007 08004500 003414dd 40004006
IP from INT to EXT:   52 | 45000034 14dd4000 40065d90 6400002a 6400002d 0050d484
From External IP Packet:   66 | 3e03f085 27a506f2 2833fb0e 08004500 00344ad4 40004006
IP from EXT to INT:   52 | 45000034 4ad44000 400627c2 64000001 6400002d d4840050
From Internal IP Packet:   66 | 46c11b68 ffff0000 00000007 08004500 003414de 40004006
IP from INT to EXT:   52 | 45000034 14de4000 40065d8f 6400002a 6400002d 0050d484
From External IP Packet:   74 | 3e03f085 27a50000 00000001 08004500 003ca4db 40004006
IP from EXT to INT:   60 | 4500003c a4db4000 4006cda9 6400000a 6400002d e08c0050
From Internal IP Packet:   74 | 46c11b68 ffff0000 00000005 08004500 003c0000 40004006
IP from INT to EXT:   60 | 4500003c 00004000 40067267 64000028 6400002d 0050e08c
From External IP Packet:   66 | 3e03f085 27a50000 00000001 08004500 0034a4dc 40004006
IP from EXT to INT:   52 | 45000034 a4dc4000 4006cdb0 6400000a 6400002d e08c0050
From External IP Packet:   66 | 3e03f085 27a50000 00000001 08004500 0034a4e2 40004006
IP from EXT to INT:   52 | 45000034 a4e24000 4006cdaa 6400000a 6400002d e08c0050
From Internal IP Packet:   78 | 46c11b68 ffff0000 00000005 08004500 00408b05 40004006
IP from INT to EXT:   64 | 45000040 8b054000 4006e75d 64000028 6400002d 0050e08c
From External IP Packet:   74 | 3e03f085 27a50000 00000001 08004500 003c3b89 40004006
IP from EXT to INT:   60 | 4500003c 3b894000 400636fc 6400000a 6400002d e08d0050
From Internal IP Packet:   74 | 46c11b68 ffff0000 00000006 08004500 003c0000 40004006
IP from INT to EXT:   60 | 4500003c 00004000 40067266 64000029 6400002d 0050e08d
From External IP Packet:   66 | 3e03f085 27a50000 00000001 08004500 00343b8a 40004006
IP from EXT to INT:   52 | 45000034 3b8a4000 40063703 6400000a 6400002d e08d0050
From External IP Packet:   66 | 3e03f085 27a50000 00000001 08004500 00343b90 40004006
IP from EXT to INT:   52 | 45000034 3b904000 400636fd 6400000a 6400002d e08d0050
From Internal IP Packet:   78 | 46c11b68 ffff0000 00000006 08004500 0040b1ec 40004006
IP from INT to EXT:   64 | 45000040 b1ec4000 4006c075 64000029 6400002d 0050e08d
From External IP Packet:   74 | 3e03f085 27a50000 00000001 08004500 003c6ad9 40004006
IP from EXT to INT:   60 | 4500003c 6ad94000 400607ac 6400000a 6400002d e08e0050
From Internal IP Packet:   74 | 46c11b68 ffff0000 00000007 08004500 003c0000 40004006
IP from INT to EXT:   60 | 4500003c 00004000 40067265 6400002a 6400002d 0050e08e
From External IP Packet:   66 | 3e03f085 27a50000 00000001 08004500 00346ada 40004006
IP from EXT to INT:   52 | 45000034 6ada4000 400607b3 6400000a 6400002d e08e0050
From External IP Packet:   66 | 3e03f085 27a50000 00000001 08004500 00346ae0 40004006
IP from EXT to INT:   52 | 45000034 6ae04000 400607ad 6400000a 6400002d e08e0050
From Internal IP Packet:   78 | 46c11b68 ffff0000 00000007 08004500 004009eb 40004006
IP from INT to EXT:   64 | 45000040 09eb4000 40066876 6400002a 6400002d 0050e08e
From External IP Packet:   74 | 3e03f085 27a50000 00000001 08004500 003c566b 40004006
IP from EXT to INT:   60 | 4500003c 566b4000 40061c1a 6400000a 6400002d e08f0050
From Internal IP Packet:   74 | 46c11b68 ffff0000 00000005 08004500 003c0000 40004006
IP from INT to EXT:   60 | 4500003c 00004000 40067267 64000028 6400002d 0050e08f
From External IP Packet:   66 | 3e03f085 27a50000 00000001 08004500 0034566c 40004006
IP from EXT to INT:   52 | 45000034 566c4000 40061c21 6400000a 6400002d e08f0050
From External IP Packet:   66 | 3e03f085 27a50000 00000001 08004500 00345672 40004006
IP from EXT to INT:   52 | 45000034 56724000 40061c1b 6400000a 6400002d e08f0050
From Internal IP Packet:   78 | 46c11b68 ffff0000 00000005 08004500 0040e663 40004006
IP from INT to EXT:   64 | 45000040 e6634000 40068bff 64000028 6400002d 0050e08f
From External IP Packet:   74 | 3e03f085 27a50000 00000001 08004500 003ca704 40004006
IP from EXT to INT:   60 | 4500003c a7044000 4006cb80 6400000a 6400002d e0900050
From Internal IP Packet:   74 | 46c11b68 ffff0000 00000006 08004500 003c0000 40004006
IP from INT to EXT:   60 | 4500003c 00004000 40067266 64000029 6400002d 0050e090
From External IP Packet:   66 | 3e03f085 27a50000 00000001 08004500 0034a705 40004006
IP from EXT to INT:   52 | 45000034 a7054000 4006cb87 6400000a 6400002d e0900050
From External IP Packet:   66 | 3e03f085 27a50000 00000001 08004500 0034a70b 40004006
IP from EXT to INT:   52 | 45000034 a70b4000 4006cb81 6400000a 6400002d e0900050
From Internal IP Packet:   78 | 46c11b68 ffff0000 00000006 08004500 00401312 40004006
IP from INT to EXT:   64 | 45000040 13124000 40065f50 64000029 6400002d 0050e090
From External IP Packet:   74 | 3e03f085 27a50000 00000002 08004500 003ca38f 40004006
IP from EXT to INT:   60 | 4500003c a38f4000 4006cef4 6400000b 6400002d ebb60050
From Internal IP Packet:   74 | 46c11b68 ffff0000 00000007 08004500 003c0000 40004006
IP from INT to EXT:   60 | 4500003c 00004000 40067265 6400002a 6400002d 0050ebb6
From External IP Packet:   66 | 3e03f085 27a50000 00000002 08004500 0034a390 40004006
IP from EXT to INT:   52 | 45000034 a3904000 4006cefb 6400000b 6400002d ebb60050
From External IP Packet:   66 | 3e03f085 27a50000 00000002 08004500 0034a396 40004006
IP from EXT to INT:   52 | 45000034 a3964000 4006cef5 6400000b 6400002d ebb60050
From Internal IP Packet:   78 | 46c11b68 ffff0000 00000007 08004500 0040ca37 40004006
IP from INT to EXT:   64 | 45000040 ca374000 4006a829 6400002a 6400002d 0050ebb6
From External IP Packet:   74 | 3e03f085 27a50000 00000002 08004500 003cd5ca 40004006
IP from EXT to INT:   60 | 4500003c d5ca4000 40069cb9 6400000b 6400002d ebb70050
From Internal IP Packet:   74 | 46c11b68 ffff0000 00000005 08004500 003c0000 40004006
IP from INT to EXT:   60 | 4500003c 00004000 40067267 64000028 6400002d 0050ebb7
From External IP Packet:   66 | 3e03f085 27a50000 00000002 08004500 0034d5cb 40004006
IP from EXT to INT:   52 | 45000034 d5cb4000 40069cc0 6400000b 6400002d ebb70050
From External IP Packet:   66 | 3e03f085 27a50000 00000002 08004500 0034d5d1 40004006
IP from EXT to INT:   52 | 45000034 d5d14000 40069cba 6400000b 6400002d ebb70050
From Internal IP Packet:   78 | 46c11b68 ffff0000 00000005 08004500 0040d93a 40004006
IP from INT to EXT:   64 | 45000040 d93a4000 40069928 64000028 6400002d 0050ebb7
From External IP Packet:   74 | 3e03f085 27a50000 00000002 08004500 003c249d 40004006
IP from EXT to INT:   60 | 4500003c 249d4000 40064de7 6400000b 6400002d ebb80050
From Internal IP Packet:   74 | 46c11b68 ffff0000 00000006 08004500 003c0000 40004006
IP from INT to EXT:   60 | 4500003c 00004000 40067266 64000029 6400002d 0050ebb8
From External IP Packet:   66 | 3e03f085 27a50000 00000002 08004500 0034249e 40004006
IP from EXT to INT:   52 | 45000034 249e4000 40064dee 6400000b 6400002d ebb80050
From External IP Packet:   66 | 3e03f085 27a50000 00000002 08004500 003424a4 40004006
IP from EXT to INT:   52 | 45000034 24a44000 40064de8 6400000b 6400002d ebb80050
From Internal IP Packet:   78 | 46c11b68 ffff0000 00000006 08004500 004061c9 40004006
IP from INT to EXT:   64 | 45000040 61c94000 40061099 64000029 6400002d 0050ebb8
From External IP Packet:   74 | 3e03f085 27a50000 00000002 08004500 003c9cdb 40004006
IP from EXT to INT:   60 | 4500003c 9cdb4000 4006d5a8 6400000b 6400002d ebb90050
From Internal IP Packet:   74 | 46c11b68 ffff0000 00000007 08004500 003c0000 40004006
IP from INT to EXT:   60 | 4500003c 00004000 40067265 6400002a 6400002d 0050ebb9
From External IP Packet:   66 | 3e03f085 27a50000 00000002 08004500 00349cdc 40004006
IP from EXT to INT:   52 | 45000034 9cdc4000 4006d5af 6400000b 6400002d ebb90050
From External IP Packet:   66 | 3e03f085 27a50000 00000002 08004500 00349ce2 40004006
IP from EXT to INT:   52 | 45000034 9ce24000 4006d5a9 6400000b 6400002d ebb90050
From Internal IP Packet:   78 | 46c11b68 ffff0000 00000007 08004500 0040f85a 40004006
IP from INT to EXT:   64 | 45000040 f85a4000 40067a06 6400002a 6400002d 0050ebb9
From External IP Packet:   74 | 3e03f085 27a50000 00000002 08004500 003cf9e7 40004006
IP from EXT to INT:   60 | 4500003c f9e74000 4006789c 6400000b 6400002d ebba0050
From Internal IP Packet:   74 | 46c11b68 ffff0000 00000005 08004500 003c0000 40004006
IP from INT to EXT:   60 | 4500003c 00004000 40067267 64000028 6400002d 0050ebba
From External IP Packet:   66 | 3e03f085 27a50000 00000002 08004500 0034f9e8 40004006
IP from EXT to INT:   52 | 45000034 f9e84000 400678a3 6400000b 6400002d ebba0050
From External IP Packet:   66 | 3e03f085 27a50000 00000002 08004500 0034f9ee 40004006
IP from EXT to INT:   52 | 45000034 f9ee4000 4006789d 6400000b 6400002d ebba0050
From Internal IP Packet:   78 | 46c11b68 ffff0000 00000005 08004500 0040a9a1 40004006
IP from INT to EXT:   64 | 45000040 a9a14000 4006c8c1 64000028 6400002d 0050ebba
From External IP Packet:   74 | 3e03f085 27a506f2 2833fb0e 08004500 003c3ae1 40004006
IP from EXT to INT:   60 | 4500003c 3ae14000 400637ad 64000001 6400002d cd9d0050
From Internal IP Packet:   74 | 46c11b68 ffff0000 00000006 08004500 003c0000 40004006
IP from INT to EXT:   60 | 4500003c 00004000 40067266 64000029 6400002d 0050cd9d
From External IP Packet:   66 | 3e03f085 27a506f2 2833fb0e 08004500 00343ae2 40004006
IP from EXT to INT:   52 | 45000034 3ae24000 400637b4 64000001 6400002d cd9d0050
From External IP Packet:  215 | 3e03f085 27a506f2 2833fb0e 08004500 00c93ae3 40004006
IP from EXT to INT:  201 | 450000c9 3ae34000 4006371e 64000001 6400002d cd9d0050
From Internal IP Packet:   66 | 46c11b68 ffff0000 00000006 08004500 0034f6d4 40004006
IP from INT to EXT:   52 | 45000034 f6d44000 40067b99 64000029 6400002d 0050cd9d
From Internal IP Packet:  157 | 46c11b68 ffff0000 00000006 08004500 008ff6d5 40004006
IP from INT to EXT:  143 | 4500008f f6d54000 40067b3d 64000029 6400002d 0050cd9d
From External IP Packet:   66 | 3e03f085 27a506f2 2833fb0e 08004500 00343ae4 40004006
IP from EXT to INT:   52 | 45000034 3ae44000 400637b2 64000001 6400002d cd9d0050
From Internal IP Packet:  133 | 46c11b68 ffff0000 00000006 08004500 0077f6d6 40004006
IP from INT to EXT:  119 | 45000077 f6d64000 40067b54 64000029 6400002d 0050cd9d
From External IP Packet:   66 | 3e03f085 27a506f2 2833fb0e 08004500 00343ae5 40004006
IP from EXT to INT:   52 | 45000034 3ae54000 400637b1 64000001 6400002d cd9d0050
From Internal IP Packet:   66 | 46c11b68 ffff0000 00000006 08004500 0034f6d7 40004006
IP from INT to EXT:   52 | 45000034 f6d74000 40067b96 64000029 6400002d 0050cd9d
From External IP Packet:   66 | 3e03f085 27a506f2 2833fb0e 08004500 00343ae6 40004006
IP from EXT to INT:   52 | 45000034 3ae64000 400637b0 64000001 6400002d cd9d0050
From Internal IP Packet:   66 | 46c11b68 ffff0000 00000006 08004500 0034f6d8 40004006
IP from INT to EXT:   52 | 45000034 f6d84000 40067b95 64000029 6400002d 0050cd9d
From External IP Packet:   74 | 3e03f085 27a506f2 2833fb0e 08004500 003cfbc5 40004006
IP from EXT to INT:   60 | 4500003c fbc54000 400676c8 64000001 6400002d d2850050
From Internal IP Packet:   74 | 46c11b68 ffff0000 00000007 08004500 003c0000 40004006
IP from INT to EXT:   60 | 4500003c 00004000 40067265 6400002a 6400002d 0050d285
From External IP Packet:   66 | 3e03f085 27a506f2 2833fb0e 08004500 0034fbc6 40004006
IP from EXT to INT:   52 | 45000034 fbc64000 400676cf 64000001 6400002d d2850050
From External IP Packet:  215 | 3e03f085 27a506f2 2833fb0e 08004500 00c9fbc7 40004006
IP from EXT to INT:  201 | 450000c9 fbc74000 40067639 64000001 6400002d d2850050
From Internal IP Packet:   66 | 46c11b68 ffff0000 00000007 08004500 0034c1a7 40004006
IP from INT to EXT:   52 | 45000034 c1a74000 4006b0c5 6400002a 6400002d 0050d285
From Internal IP Packet:  157 | 46c11b68 ffff0000 00000007 08004500 008fc1a8 40004006
IP from INT to EXT:  143 | 4500008f c1a84000 4006b069 6400002a 6400002d 0050d285
From External IP Packet:   66 | 3e03f085 27a506f2 2833fb0e 08004500 0034fbc8 40004006
IP from EXT to INT:   52 | 45000034 fbc84000 400676cd 64000001 6400002d d2850050
From Internal IP Packet:  133 | 46c11b68 ffff0000 00000007 08004500 0077c1a9 40004006
IP from INT to EXT:  119 | 45000077 c1a94000 4006b080 6400002a 6400002d 0050d285
From External IP Packet:   66 | 3e03f085 27a506f2 2833fb0e 08004500 0034fbc9 40004006
IP from EXT to INT:   52 | 45000034 fbc94000 400676cc 64000001 6400002d d2850050
From Internal IP Packet:   66 | 46c11b68 ffff0000 00000007 08004500 0034c1aa 40004006
IP from INT to EXT:   52 | 45000034 c1aa4000 4006b0c2 6400002a 6400002d 0050d285
From External IP Packet:   66 | 3e03f085 27a506f2 2833fb0e 08004500 0034fbca 40004006
IP from EXT to INT:   52 | 45000034 fbca4000 400676cb 64000001 6400002d d2850050
From Internal IP Packet:   66 | 46c11b68 ffff0000 00000007 08004500 0034c1ab 40004006
IP from INT to EXT:   52 | 45000034 c1ab4000 4006b0c1 6400002a 6400002d 0050d285
From Internal IP Packet:   78 | 46c11b68 ffff0000 00000005 08004500 0040474c 40004006
IP from INT to EXT:   64 | 45000040 474c4000 40062b17 64000028 6400002d 0050e080
From External IP Packet:   66 | 3e03f085 27a50000 00000001 08004500 0034dff0 40004006
IP from EXT to INT:   52 | 45000034 dff04000 4006929c 6400000a 6400002d e0800050
From Internal IP Packet:   78 | 46c11b68 ffff0000 00000005 08004500 0040a9a2 40004006
IP from INT to EXT:   64 | 45000040 a9a24000 4006c8c0 64000028 6400002d 0050ebba
From Internal IP Packet:   78 | 46c11b68 ffff0000 00000005 08004500 0040e664 40004006
IP from INT to EXT:   64 | 45000040 e6644000 40068bfe 64000028 6400002d 0050e08f
From External IP Packet:   66 | 3e03f085 27a50000 00000002 08004500 0034f9ef 40004006
IP from EXT to INT:   52 | 45000034 f9ef4000 4006789c 6400000b 6400002d ebba0050
From Internal IP Packet:   78 | 46c11b68 ffff0000 00000005 08004500 0040da7b 40004006
IP from INT to EXT:   64 | 45000040 da7b4000 400697e7 64000028 6400002d 0050d239
From External IP Packet:   66 | 3e03f085 27a50000 00000001 08004500 00345679 40004006
IP from EXT to INT:   52 | 45000034 56794000 40061c14 6400000a 6400002d e08f0050
From Internal IP Packet:   78 | 46c11b68 ffff0000 00000005 08004500 0040d93b 40004006
IP from INT to EXT:   64 | 45000040 d93b4000 40069927 64000028 6400002d 0050ebb7
From Internal IP Packet:   78 | 46c11b68 ffff0000 00000005 08004500 00408b06 40004006
IP from INT to EXT:   64 | 45000040 8b064000 4006e75c 64000028 6400002d 0050e08c
From External IP Packet:   66 | 3e03f085 27a50000 00000002 08004500 0034d5d7 40004006
IP from EXT to INT:   52 | 45000034 d5d74000 40069cb4 6400000b 6400002d ebb70050
From External IP Packet:   66 | 3e03f085 27a50000 00000001 08004500 0034a4e9 40004006
IP from EXT to INT:   52 | 45000034 a4e94000 4006cda3 6400000a 6400002d e08c0050
From External IP Packet:   66 | 3e03f085 27a506f2 2833fb0e 08004500 0034bfc8 40004006
IP from EXT to INT:   52 | 45000034 bfc84000 4006b2cd 64000001 6400002d d2390050
From Internal IP Packet:   78 | 46c11b68 ffff0000 00000006 08004500 004061ca 40004006
IP from INT to EXT:   64 | 45000040 61ca4000 40061098 64000029 6400002d 0050ebb8
From Internal IP Packet:   78 | 46c11b68 ffff0000 00000006 08004500 004087d9 40004006
IP from INT to EXT:   64 | 45000040 87d94000 4006ea88 64000029 6400002d 0050eba6
From Internal IP Packet:   78 | 46c11b68 ffff0000 00000006 08004500 0040b1ed 40004006
IP from INT to EXT:   64 | 45000040 b1ed4000 4006c074 64000029 6400002d 0050e08d
From Internal IP Packet:   78 | 46c11b68 ffff0000 00000006 08004500 00401313 40004006
IP from INT to EXT:   64 | 45000040 13134000 40065f4f 64000029 6400002d 0050e090
From External IP Packet:   66 | 3e03f085 27a50000 00000002 08004500 003424a9 40004006
IP from EXT to INT:   52 | 45000034 24a94000 40064de3 6400000b 6400002d ebb80050
From Internal IP Packet:   78 | 46c11b68 ffff0000 00000007 08004500 00400b71 40004006
IP from INT to EXT:   64 | 45000040 0b714000 400666f0 6400002a 6400002d 0050d66a
From External IP Packet:   66 | 3e03f085 27a50000 00000001 08004500 0034a712 40004006
IP from EXT to INT:   52 | 45000034 a7124000 4006cb7a 6400000a 6400002d e0900050
From Internal IP Packet:   78 | 46c11b68 ffff0000 00000007 08004500 0040f85b 40004006
IP from INT to EXT:   64 | 45000040 f85b4000 40067a05 6400002a 6400002d 0050ebb9
From External IP Packet:   66 | 3e03f085 27a50000 00000002 08004500 003411d9 40004006
IP from EXT to INT:   52 | 45000034 11d94000 400660b3 6400000b 6400002d eba60050
From Internal IP Packet:   78 | 46c11b68 ffff0000 00000007 08004500 004009ec 40004006
IP from INT to EXT:   64 | 45000040 09ec4000 40066875 6400002a 6400002d 0050e08e
From External IP Packet:   66 | 3e03f085 27a50000 00000001 08004500 00343b97 40004006
IP from EXT to INT:   52 | 45000034 3b974000 400636f6 6400000a 6400002d e08d0050
From Internal IP Packet:   78 | 46c11b68 ffff0000 00000007 08004500 0040ca38 40004006
IP from INT to EXT:   64 | 45000040 ca384000 4006a828 6400002a 6400002d 0050ebb6
From External IP Packet:   66 | 3e03f085 27a506f2 2833fb0e 08004500 00343b05 40004006
IP from EXT to INT:   52 | 45000034 3b054000 40063791 64000001 6400002d d66a0050
From External IP Packet:   66 | 3e03f085 27a50000 00000002 08004500 00349ce6 40004006
IP from EXT to INT:   52 | 45000034 9ce64000 4006d5a5 6400000b 6400002d ebb90050
From External IP Packet:   66 | 3e03f085 27a50000 00000001 08004500 00346ae7 40004006
IP from EXT to INT:   52 | 45000034 6ae74000 400607a6 6400000a 6400002d e08e0050
From External IP Packet:   66 | 3e03f085 27a50000 00000002 08004500 0034a39c 40004006
IP from EXT to INT:   52 | 45000034 a39c4000 4006ceef 6400000b 6400002d ebb60050
