outgoing arp req:   42 | ffffffff ffff0000 00000003 08060001 08000604 00010000
outgoing ip packet:   98 | 0ee5badd e20a0000 00000003 08004500 00544b33 40004001
outgoing icmp type 8:   84 | 45000054 4b334000 4001813a 0a000032 6400000a 08007a5d
incoming arp repl:   42 | 06f22833 fb0e0000 00000001 08060001 08000604 00020000
incoming ip packet:   98 | 06f22833 fb0e0000 00000001 08004500 00546208 00004001
incoming icmp type 0:   84 | 45000054 62080000 40015096 6400000a 64000001 0000220c
outgoing arp repl:   42 | 0ee5badd e20a0000 00000003 08060001 08000604 00020000
outgoing ip packet:   98 | 0ee5badd e20a0000 00000003 08004500 00541d33 40004001
outgoing icmp type 8:   84 | 45000054 1d334000 4001af39 0a000032 6400000b 08003140
incoming arp repl:   42 | 06f22833 fb0e0000 00000002 08060001 08000604 00020000
incoming ip packet:   98 | 06f22833 fb0e0000 00000002 08004500 00549ec9 00004001
incoming icmp type 0:   84 | 45000054 9ec90000 400113d4 6400000b 64000001 0000db7d
outgoing ip packet:   98 | 00000000 00040000 00000003 08004500 0054e458 40004001
outgoing icmp type 8:   84 | 45000054 e4584000 400141ec 0a000032 0a000033 0800c5aa
outgoing ip packet:   98 | 0ee5badd e20a0000 00000003 08004500 00543e34 40004001
outgoing icmp type 8:   84 | 45000054 3e344000 40018e1b 0a000032 64000028 08001e79
outgoing ip packet:   98 | 0ee5badd e20a0000 00000003 08004500 0054bb90 40004001
outgoing icmp type 8:   84 | 45000054 bb904000 400110be 0a000032 64000029 08007868
outgoing ip packet:   98 | 0ee5badd e20a0000 00000003 08004500 0054ac78 40004001
outgoing icmp type 8:   84 | 45000054 ac784000 40011fd5 0a000032 6400002a 0800a557
outgoing ip packet:   98 | 0ee5badd e20a0000 00000003 08004500 00545157 40004001
outgoing icmp type 8:   84 | 45000054 51574000 40017b02 0a000032 6400001e 08002546
outgoing arp req:   42 | ffffffff ffff0000 00000004 08060001 08000604 00010000
outgoing ip packet:   98 | 0ee5badd e20a0000 00000004 08004500 00548b75 40004001
outgoing icmp type 8:   84 | 45000054 8b754000 400140f7 0a000033 6400000a 0800a334
incoming ip packet:   98 | 06f22833 fb0e0000 00000001 08004500 005464ee 00004001
incoming icmp type 0:   84 | 45000054 64ee0000 40014db0 6400000a 64000001 00005856
outgoing arp repl:   42 | 0ee5badd e20a0000 00000004 08060001 08000604 00020000
outgoing ip packet:   98 | 0ee5badd e20a0000 00000004 08004500 00543095 40004001
outgoing icmp type 8:   84 | 45000054 30954000 40019bd6 0a000033 6400000b 0800986b
incoming ip packet:   98 | 06f22833 fb0e0000 00000002 08004500 00549f01 00004001
incoming icmp type 0:   84 | 45000054 9f010000 4001139c 6400000b 64000001 00004fba
outgoing ip packet:   98 | 0ee5badd e20a0000 00000004 08004500 005401a7 40004001
outgoing icmp type 8:   84 | 45000054 01a74000 4001caa7 0a000033 64000028 0800ed28
outgoing ip packet:   98 | 0ee5badd e20a0000 00000004 08004500 0054cc48 40004001
outgoing icmp type 8:   84 | 45000054 cc484000 40010005 0a000033 64000029 08003f18
outgoing ip packet:   98 | 0ee5badd e20a0000 00000004 08004500 005483fb 40004001
outgoing icmp type 8:   84 | 45000054 83fb4000 40014851 0a000033 6400002a 08000307
outgoing ip packet:   98 | 0ee5badd e20a0000 00000004 08004500 00543328 40004001
outgoing icmp type 8:   84 | 45000054 33284000 40019930 0a000033 6400001e 0800de36
incoming arp req:   42 | ffffffff ffff3e03 f08527a5 08060001 08000604 00013e03
incoming arp req:   42 | ffffffff ffff3e03 f08527a5 08060001 08000604 00013e03
incoming arp req:   42 | ffffffff ffff3e03 f08527a5 08060001 08000604 00013e03
incoming arp req:   42 | ffffffff ffff3e03 f08527a5 08060001 08000604 00013e03
incoming arp req:   42 | ffffffff ffff3e03 f08527a5 08060001 08000604 00013e03
outgoing ip packet:   74 | 0ee5badd e20a0000 00000003 08004500 003c612f 40004006
outgoing tcp packet:   60 | 4500003c 612f4000 40066b33 0a000032 64000028 ce190050
outgoing ip packet:   74 | 0ee5badd e20a0000 00000003 08004500 003c6130 40004006
outgoing tcp packet:   60 | 4500003c 61304000 40066b32 0a000032 64000028 ce190050
outgoing ip packet:   74 | 0ee5badd e20a0000 00000003 08004500 003c5d97 40004006
outgoing tcp packet:   60 | 4500003c 5d974000 40066eca 0a000032 64000029 e6580050
outgoing ip packet:   74 | 0ee5badd e20a0000 00000003 08004500 003c5d98 40004006
outgoing tcp packet:   60 | 4500003c 5d984000 40066ec9 0a000032 64000029 e6580050
outgoing ip packet:   74 | 0ee5badd e20a0000 00000003 08004500 003ce9c6 40004006
outgoing tcp packet:   60 | 4500003c e9c64000 4006e299 0a000032 6400002a a26b0050
outgoing arp req:   42 | 0ee5badd e20a0000 00000003 08060001 08000604 00010000
outgoing ip packet:   74 | 0ee5badd e20a0000 00000003 08004500 003ce9c7 40004006
outgoing tcp packet:   60 | 4500003c e9c74000 4006e298 0a000032 6400002a a26b0050
outgoing ip packet:   74 | 0ee5badd e20a0000 00000004 08004500 003c56d5 40004006
outgoing tcp packet:   60 | 4500003c 56d54000 4006758c 0a000033 64000028 88e70050
outgoing ip packet:   74 | 0ee5badd e20a0000 00000004 08004500 003c56d6 40004006
outgoing tcp packet:   60 | 4500003c 56d64000 4006758b 0a000033 64000028 88e70050
outgoing ip packet:   74 | 0ee5badd e20a0000 00000004 08004500 003c3b37 40004006
outgoing tcp packet:   60 | 4500003c 3b374000 40069129 0a000033 64000029 ccba0050
outgoing ip packet:   74 | 0ee5badd e20a0000 00000004 08004500 003c3b38 40004006
outgoing tcp packet:   60 | 4500003c 3b384000 40069128 0a000033 64000029 ccba0050
outgoing ip packet:   74 | 0ee5badd e20a0000 00000004 08004500 003c387a 40004006
outgoing tcp packet:   60 | 4500003c 387a4000 400693e5 0a000033 6400002a 88610050
outgoing ip packet:   74 | 0ee5badd e20a0000 00000004 08004500 003c387b 40004006
outgoing tcp packet:   60 | 4500003c 387b4000 400693e4 0a000033 6400002a 88610050
outgoing ip packet:   74 | 0ee5badd e20a0000 00000003 08004500 003c587f 40004006
outgoing tcp packet:   60 | 4500003c 587f4000 400673de 0a000032 6400002d 84971faa
incoming arp repl:   42 | 06f22833 fb0e3e03 f08527a5 08060001 08000604 00023e03
outgoing ip packet:   74 | 0ee5badd e20a0000 00000003 08004500 003c5880 40004006
outgoing tcp packet:   60 | 4500003c 58804000 400673dd 0a000032 6400002d 84971faa
outgoing ip packet:   98 | 0ee5badd e20a0000 00000003 08004500 0054c280 40004001
outgoing icmp type 8:   84 | 45000054 c2804000 400109cd 0a000032 6400002a 08008554
outgoing ip packet:   74 | 0ee5badd e20a0000 00000003 08004500 003c249b 40004006
outgoing tcp packet:   60 | 4500003c 249b4000 4006a7c5 0a000032 6400002a a2740050
outgoing ip packet:   74 | 0ee5badd e20a0000 00000003 08004500 003c249c 40004006
outgoing tcp packet:   60 | 4500003c 249c4000 4006a7c4 0a000032 6400002a a2740050
outgoing arp req:   42 | 0ee5badd e20a0000 00000003 08060001 08000604 00010000
outgoing ip packet:   74 | 0ee5badd e20a0000 00000003 08004500 003cfc1d 40004006
outgoing tcp packet:   60 | 4500003c fc1d4000 4006d062 0a000032 6400000a ba600050
incoming arp repl:   42 | 06f22833 fb0e0000 00000001 08060001 08000604 00020000
incoming ip packet:   74 | 06f22833 fb0e0000 00000001 08004500 003c0000 40004006
incoming tcp packet:   60 | 4500003c 00004000 400672b1 6400000a 64000001 0050d1b9
outgoing arp repl:   42 | 0ee5badd e20a0000 00000003 08060001 08000604 00020000
outgoing ip packet:   66 | 0ee5badd e20a0000 00000003 08004500 0034fc1e 40004006
outgoing tcp packet:   52 | 45000034 fc1e4000 4006d069 0a000032 6400000a ba600050
outgoing ip packet:  141 | 0ee5badd e20a0000 00000003 08004500 007ffc1f 40004006
outgoing tcp packet:  127 | 4500007f fc1f4000 4006d01d 0a000032 6400000a ba600050
incoming ip packet:   66 | 06f22833 fb0e0000 00000001 08004500 00346095 40004006
incoming tcp packet:   52 | 45000034 60954000 40061224 6400000a 64000001 0050d1b9
incoming ip packet:  250 | 06f22833 fb0e0000 00000001 08004500 00ec6096 40004006
incoming tcp packet:  236 | 450000ec 60964000 4006116b 6400000a 64000001 0050d1b9
outgoing ip packet:   66 | 0ee5badd e20a0000 00000003 08004500 0034fc20 40004006
outgoing tcp packet:   52 | 45000034 fc204000 4006d067 0a000032 6400000a ba600050
outgoing ip packet:   66 | 0ee5badd e20a0000 00000003 08004500 0034fc21 40004006
outgoing tcp packet:   52 | 45000034 fc214000 4006d066 0a000032 6400000a ba600050
incoming ip packet:   66 | 06f22833 fb0e0000 00000001 08004500 00346097 40004006
incoming tcp packet:   52 | 45000034 60974000 40061222 6400000a 64000001 0050d1b9
outgoing ip packet:   66 | 0ee5badd e20a0000 00000003 08004500 0034fc22 40004006
outgoing tcp packet:   52 | 45000034 fc224000 4006d065 0a000032 6400000a ba600050
outgoing ip packet:   98 | 0ee5badd e20a0000 00000003 08004500 005481e0 40004001
outgoing icmp type 8:   84 | 45000054 81e04000 40014a8d 0a000032 6400000a 0800c3f2
incoming ip packet:   98 | 06f22833 fb0e0000 00000001 08004500 00546906 00004001
incoming icmp type 0:   84 | 45000054 69060000 40014998 6400000a 64000001 00007cd9
outgoing ip packet:   74 | 0ee5badd e20a0000 00000003 08004500 003ca591 40004006
outgoing tcp packet:   60 | 4500003c a5914000 400626ef 0a000032 6400000a ba610050
incoming ip packet:   74 | 06f22833 fb0e0000 00000001 08004500 003c0000 40004006
incoming tcp packet:   60 | 4500003c 00004000 400672b1 6400000a 64000001 0050c61f
outgoing ip packet:   66 | 0ee5badd e20a0000 00000003 08004500 0034a592 40004006
outgoing tcp packet:   52 | 45000034 a5924000 400626f6 0a000032 6400000a ba610050
outgoing ip packet:  141 | 0ee5badd e20a0000 00000003 08004500 007fa593 40004006
outgoing tcp packet:  127 | 4500007f a5934000 400626aa 0a000032 6400000a ba610050
incoming ip packet:   66 | 06f22833 fb0e0000 00000001 08004500 0034bdec 40004006
incoming tcp packet:   52 | 45000034 bdec4000 4006b4cc 6400000a 64000001 0050c61f
incoming ip packet:  250 | 06f22833 fb0e0000 00000001 08004500 00ecbded 40004006
incoming tcp packet:  236 | 450000ec bded4000 4006b413 6400000a 64000001 0050c61f
outgoing ip packet:   66 | 0ee5badd e20a0000 00000003 08004500 0034a594 40004006
outgoing tcp packet:   52 | 45000034 a5944000 400626f4 0a000032 6400000a ba610050
outgoing ip packet:   66 | 0ee5badd e20a0000 00000003 08004500 0034a595 40004006
outgoing tcp packet:   52 | 45000034 a5954000 400626f3 0a000032 6400000a ba610050
incoming ip packet:   66 | 06f22833 fb0e0000 00000001 08004500 0034bdee 40004006
incoming tcp packet:   52 | 45000034 bdee4000 4006b4ca 6400000a 64000001 0050c61f
outgoing ip packet:   66 | 0ee5badd e20a0000 00000003 08004500 0034a596 40004006
outgoing tcp packet:   52 | 45000034 a5964000 400626f2 0a000032 6400000a ba610050
outgoing ip packet:   74 | 0ee5badd e20a0000 00000003 08004500 003c3af6 40004006
outgoing tcp packet:   60 | 4500003c 3af64000 40069167 0a000032 6400002d 8f9d0050
incoming arp req:   42 | ffffffff ffff3e03 f08527a5 08060001 08000604 00013e03
incoming ip packet:   74 | 06f22833 fb0e3e03 f08527a5 08004500 003c0000 40004006
incoming tcp packet:   60 | 4500003c 00004000 4006728e 6400002d 64000001 0050d66a
outgoing ip packet:   66 | 0ee5badd e20a0000 00000003 08004500 00343af7 40004006
outgoing tcp packet:   52 | 45000034 3af74000 4006916e 0a000032 6400002d 8f9d0050
outgoing ip packet:  140 | 0ee5badd e20a0000 00000003 08004500 007e3af8 40004006
outgoing tcp packet:  126 | 4500007e 3af84000 40069123 0a000032 6400002d 8f9d0050
outgoing ip packet:  140 | 0ee5badd e20a0000 00000003 08004500 007e3af9 40004006
outgoing tcp packet:  126 | 4500007e 3af94000 40069122 0a000032 6400002d 8f9d0050
outgoing ip packet:  140 | 0ee5badd e20a0000 00000003 08004500 007e3afa 40004006
outgoing tcp packet:  126 | 4500007e 3afa4000 40069121 0a000032 6400002d 8f9d0050
outgoing ip packet:  140 | 0ee5badd e20a0000 00000003 08004500 007e3afb 40004006
outgoing tcp packet:  126 | 4500007e 3afb4000 40069120 0a000032 6400002d 8f9d0050
outgoing ip packet:  140 | 0ee5badd e20a0000 00000003 08004500 007e3afc 40004006
outgoing tcp packet:  126 | 4500007e 3afc4000 4006911f 0a000032 6400002d 8f9d0050
outgoing ip packet:   66 | 0ee5badd e20a0000 00000003 08004500 00343afd 40004006
outgoing tcp packet:   52 | 45000034 3afd4000 40069168 0a000032 6400002d 8f9d0050
incoming ip packet:   78 | 06f22833 fb0e3e03 f08527a5 08004500 00400b70 40004006
incoming tcp packet:   64 | 45000040 0b704000 4006671a 6400002d 64000001 0050d66a
outgoing ip packet:   74 | 0ee5badd e20a0000 00000004 08004500 003cbfba 40004006
outgoing tcp packet:   60 | 4500003c bfba4000 40060ca2 0a000033 6400002d a9090050
incoming ip packet:   74 | 06f22833 fb0e3e03 f08527a5 08004500 003c0000 40004006
incoming tcp packet:   60 | 4500003c 00004000 4006728e 6400002d 64000001 0050d239
outgoing arp repl:   42 | 0ee5badd e20a0000 00000004 08060001 08000604 00020000
outgoing ip packet:   66 | 0ee5badd e20a0000 00000004 08004500 0034bfbb 40004006
outgoing tcp packet:   52 | 45000034 bfbb4000 40060ca9 0a000033 6400002d a9090050
outgoing ip packet:  140 | 0ee5badd e20a0000 00000004 08004500 007ebfbc 40004006
outgoing tcp packet:  126 | 4500007e bfbc4000 40060c5e 0a000033 6400002d a9090050
outgoing ip packet:  140 | 0ee5badd e20a0000 00000004 08004500 007ebfbd 40004006
outgoing tcp packet:  126 | 4500007e bfbd4000 40060c5d 0a000033 6400002d a9090050
outgoing ip packet:  140 | 0ee5badd e20a0000 00000004 08004500 007ebfbe 40004006
outgoing tcp packet:  126 | 4500007e bfbe4000 40060c5c 0a000033 6400002d a9090050
outgoing ip packet:  140 | 0ee5badd e20a0000 00000003 08004500 007e3afe 40004006
outgoing tcp packet:  126 | 4500007e 3afe4000 4006911d 0a000032 6400002d 8f9d0050
outgoing ip packet:  140 | 0ee5badd e20a0000 00000004 08004500 007ebfbf 40004006
outgoing tcp packet:  126 | 4500007e bfbf4000 40060c5b 0a000033 6400002d a9090050
outgoing ip packet:  140 | 0ee5badd e20a0000 00000003 08004500 007e3aff 40004006
outgoing tcp packet:  126 | 4500007e 3aff4000 4006911c 0a000032 6400002d 8f9d0050
outgoing ip packet:  140 | 0ee5badd e20a0000 00000003 08004500 007e3b00 40004006
outgoing tcp packet:  126 | 4500007e 3b004000 4006911b 0a000032 6400002d 8f9d0050
outgoing ip packet:  140 | 0ee5badd e20a0000 00000004 08004500 007ebfc0 40004006
outgoing tcp packet:  126 | 4500007e bfc04000 40060c5a 0a000033 6400002d a9090050
outgoing ip packet:   66 | 0ee5badd e20a0000 00000004 08004500 0034bfc1 40004006
outgoing tcp packet:   52 | 45000034 bfc14000 40060ca3 0a000033 6400002d a9090050
incoming ip packet:   78 | 06f22833 fb0e3e03 f08527a5 08004500 0040da7a 40004006
incoming tcp packet:   64 | 45000040 da7a4000 4006980f 6400002d 64000001 0050d239
outgoing ip packet:   74 | 0ee5badd e20a0000 00000003 08004500 003c1cb7 40004006
outgoing tcp packet:   60 | 4500003c 1cb74000 4006afa6 0a000032 6400002d 8fa30050
incoming ip packet:   74 | 06f22833 fb0e3e03 f08527a5 08004500 003c0000 40004006
incoming tcp packet:   60 | 4500003c 00004000 4006728e 6400002d 64000001 0050cf81
outgoing ip packet:   66 | 0ee5badd e20a0000 00000003 08004500 00341cb8 40004006
outgoing tcp packet:   52 | 45000034 1cb84000 4006afad 0a000032 6400002d 8fa30050
outgoing ip packet:  141 | 0ee5badd e20a0000 00000003 08004500 007f1cb9 40004006
outgoing tcp packet:  127 | 4500007f 1cb94000 4006af61 0a000032 6400002d 8fa30050
incoming ip packet:   66 | 06f22833 fb0e3e03 f08527a5 08004500 00343745 40004006
incoming tcp packet:   52 | 45000034 37454000 40063b51 6400002d 64000001 0050cf81
incoming ip packet:  157 | 06f22833 fb0e3e03 f08527a5 08004500 008f3746 40004006
incoming tcp packet:  143 | 4500008f 37464000 40063af5 6400002d 64000001 0050cf81
outgoing ip packet:   66 | 0ee5badd e20a0000 00000003 08004500 00341cba 40004006
outgoing tcp packet:   52 | 45000034 1cba4000 4006afab 0a000032 6400002d 8fa30050
incoming ip packet:  133 | 06f22833 fb0e3e03 f08527a5 08004500 00773747 40004006
incoming tcp packet:  119 | 45000077 37474000 40063b0c 6400002d 64000001 0050cf81
outgoing ip packet:   66 | 0ee5badd e20a0000 00000003 08004500 00341cbb 40004006
outgoing tcp packet:   52 | 45000034 1cbb4000 4006afaa 0a000032 6400002d 8fa30050
incoming ip packet:   66 | 06f22833 fb0e3e03 f08527a5 08004500 00343748 40004006
incoming tcp packet:   52 | 45000034 37484000 40063b4e 6400002d 64000001 0050cf81
outgoing ip packet:   66 | 0ee5badd e20a0000 00000003 08004500 00341cbc 40004006
outgoing tcp packet:   52 | 45000034 1cbc4000 4006afa9 0a000032 6400002d 8fa30050
incoming ip packet:   66 | 06f22833 fb0e3e03 f08527a5 08004500 00343749 40004006
incoming tcp packet:   52 | 45000034 37494000 40063b4d 6400002d 64000001 0050cf81
outgoing ip packet:   74 | 0ee5badd e20a0000 00000003 08004500 003cfbc8 40004006
outgoing tcp packet:   60 | 4500003c fbc84000 4006d094 0a000032 6400002d 8fa40050
incoming ip packet:   74 | 06f22833 fb0e3e03 f08527a5 08004500 003c0000 40004006
incoming tcp packet:   60 | 4500003c 00004000 4006728e 6400002d 64000001 0050ca39
outgoing ip packet:   66 | 0ee5badd e20a0000 00000003 08004500 0034fbc9 40004006
outgoing tcp packet:   52 | 45000034 fbc94000 4006d09b 0a000032 6400002d 8fa40050
outgoing ip packet:  140 | 0ee5badd e20a0000 00000003 08004500 007efbca 40004006
outgoing tcp packet:  126 | 4500007e fbca4000 4006d050 0a000032 6400002d 8fa40050
incoming ip packet:   66 | 06f22833 fb0e3e03 f08527a5 08004500 003467ce 40004006
incoming tcp packet:   52 | 45000034 67ce4000 40060ac8 6400002d 64000001 0050ca39
incoming ip packet:  157 | 06f22833 fb0e3e03 f08527a5 08004500 008f67cf 40004006
incoming tcp packet:  143 | 4500008f 67cf4000 40060a6c 6400002d 64000001 0050ca39
outgoing ip packet:   66 | 0ee5badd e20a0000 00000003 08004500 0034fbcb 40004006
outgoing tcp packet:   52 | 45000034 fbcb4000 4006d099 0a000032 6400002d 8fa40050
incoming ip packet:  132 | 06f22833 fb0e3e03 f08527a5 08004500 007667d0 40004006
incoming tcp packet:  118 | 45000076 67d04000 40060a84 6400002d 64000001 0050ca39
outgoing ip packet:   66 | 0ee5badd e20a0000 00000003 08004500 0034fbcc 40004006
outgoing tcp packet:   52 | 45000034 fbcc4000 4006d098 0a000032 6400002d 8fa40050
incoming ip packet:   66 | 06f22833 fb0e3e03 f08527a5 08004500 003467d1 40004006
incoming tcp packet:   52 | 45000034 67d14000 40060ac5 6400002d 64000001 0050ca39
outgoing ip packet:   66 | 0ee5badd e20a0000 00000003 08004500 0034fbcd 40004006
outgoing tcp packet:   52 | 45000034 fbcd4000 4006d097 0a000032 6400002d 8fa40050
incoming ip packet:   66 | 06f22833 fb0e3e03 f08527a5 08004500 003467d2 40004006
incoming tcp packet:   52 | 45000034 67d24000 40060ac4 6400002d 64000001 0050ca39
outgoing ip packet:   74 | 0ee5badd e20a0000 00000004 08004500 003cd16b 40004006
outgoing tcp packet:   60 | 4500003c d16b4000 4006faf0 0a000033 6400002d a9100050
incoming ip packet:   74 | 06f22833 fb0e3e03 f08527a5 08004500 003c0000 40004006
incoming tcp packet:   60 | 4500003c 00004000 4006728e 6400002d 64000001 0050d696
outgoing ip packet:   66 | 0ee5badd e20a0000 00000004 08004500 0034d16c 40004006
outgoing tcp packet:   52 | 45000034 d16c4000 4006faf7 0a000033 6400002d a9100050
outgoing ip packet:  141 | 0ee5badd e20a0000 00000004 08004500 007fd16d 40004006
outgoing tcp packet:  127 | 4500007f d16d4000 4006faab 0a000033 6400002d a9100050
incoming ip packet:   66 | 06f22833 fb0e3e03 f08527a5 08004500 0034cb55 40004006
incoming tcp packet:   52 | 45000034 cb554000 4006a740 6400002d 64000001 0050d696
incoming ip packet:  157 | 06f22833 fb0e3e03 f08527a5 08004500 008fcb56 40004006
incoming tcp packet:  143 | 4500008f cb564000 4006a6e4 6400002d 64000001 0050d696
outgoing ip packet:   66 | 0ee5badd e20a0000 00000004 08004500 0034d16e 40004006
outgoing tcp packet:   52 | 45000034 d16e4000 4006faf5 0a000033 6400002d a9100050
incoming ip packet:  133 | 06f22833 fb0e3e03 f08527a5 08004500 0077cb57 40004006
incoming tcp packet:  119 | 45000077 cb574000 4006a6fb 6400002d 64000001 0050d696
outgoing ip packet:   66 | 0ee5badd e20a0000 00000004 08004500 0034d16f 40004006
outgoing tcp packet:   52 | 45000034 d16f4000 4006faf4 0a000033 6400002d a9100050
incoming ip packet:   66 | 06f22833 fb0e3e03 f08527a5 08004500 0034cb58 40004006
incoming tcp packet:   52 | 45000034 cb584000 4006a73d 6400002d 64000001 0050d696
outgoing ip packet:   66 | 0ee5badd e20a0000 00000004 08004500 0034d170 40004006
outgoing tcp packet:   52 | 45000034 d1704000 4006faf3 0a000033 6400002d a9100050
incoming ip packet:   66 | 06f22833 fb0e3e03 f08527a5 08004500 0034cb59 40004006
incoming tcp packet:   52 | 45000034 cb594000 4006a73c 6400002d 64000001 0050d696
outgoing ip packet:   74 | 0ee5badd e20a0000 00000004 08004500 003c4acf 40004006
outgoing tcp packet:   60 | 4500003c 4acf4000 4006818d 0a000033 6400002d a9110050
incoming ip packet:   74 | 06f22833 fb0e3e03 f08527a5 08004500 003c0000 40004006
incoming tcp packet:   60 | 4500003c 00004000 4006728e 6400002d 64000001 0050d484
outgoing ip packet:   66 | 0ee5badd e20a0000 00000004 08004500 00344ad0 40004006
outgoing tcp packet:   52 | 45000034 4ad04000 40068194 0a000033 6400002d a9110050
outgoing ip packet:  140 | 0ee5badd e20a0000 00000004 08004500 007e4ad1 40004006
outgoing tcp packet:  126 | 4500007e 4ad14000 40068149 0a000033 6400002d a9110050
incoming ip packet:   66 | 06f22833 fb0e3e03 f08527a5 08004500 003414da 40004006
incoming tcp packet:   52 | 45000034 14da4000 40065dbc 6400002d 64000001 0050d484
incoming ip packet:  157 | 06f22833 fb0e3e03 f08527a5 08004500 008f14db 40004006
incoming tcp packet:  143 | 4500008f 14db4000 40065d60 6400002d 64000001 0050d484
outgoing ip packet:   66 | 0ee5badd e20a0000 00000004 08004500 00344ad2 40004006
outgoing tcp packet:   52 | 45000034 4ad24000 40068192 0a000033 6400002d a9110050
incoming ip packet:  132 | 06f22833 fb0e3e03 f08527a5 08004500 007614dc 40004006
incoming tcp packet:  118 | 45000076 14dc4000 40065d78 6400002d 64000001 0050d484
outgoing ip packet:   66 | 0ee5badd e20a0000 00000004 08004500 00344ad3 40004006
outgoing tcp packet:   52 | 45000034 4ad34000 40068191 0a000033 6400002d a9110050
incoming ip packet:   66 | 06f22833 fb0e3e03 f08527a5 08004500 003414dd 40004006
incoming tcp packet:   52 | 45000034 14dd4000 40065db9 6400002d 64000001 0050d484
outgoing ip packet:   66 | 0ee5badd e20a0000 00000004 08004500 00344ad4 40004006
outgoing tcp packet:   52 | 45000034 4ad44000 40068190 0a000033 6400002d a9110050
incoming ip packet:   66 | 06f22833 fb0e3e03 f08527a5 08004500 003414de 40004006
incoming tcp packet:   52 | 45000034 14de4000 40065db8 6400002d 64000001 0050d484
outgoing ip packet:  140 | 0ee5badd e20a0000 00000003 08004500 007e3b01 40004006
outgoing tcp packet:  126 | 4500007e 3b014000 4006911a 0a000032 6400002d 8f9d0050
outgoing ip packet:  140 | 0ee5badd e20a0000 00000004 08004500 007ebfc2 40004006
outgoing tcp packet:  126 | 4500007e bfc24000 40060c58 0a000033 6400002d a9090050
outgoing ip packet:  140 | 0ee5badd e20a0000 00000004 08004500 007ebfc3 40004006
outgoing tcp packet:  126 | 4500007e bfc34000 40060c57 0a000033 6400002d a9090050
outgoing ip packet:  140 | 0ee5badd e20a0000 00000004 08004500 007ebfc4 40004006
outgoing tcp packet:  126 | 4500007e bfc44000 40060c56 0a000033 6400002d a9090050
outgoing ip packet:  140 | 0ee5badd e20a0000 00000003 08004500 007e3b02 40004006
outgoing tcp packet:  126 | 4500007e 3b024000 40069119 0a000032 6400002d 8f9d0050
outgoing ip packet:  140 | 0ee5badd e20a0000 00000004 08004500 007ebfc5 40004006
outgoing tcp packet:  126 | 4500007e bfc54000 40060c55 0a000033 6400002d a9090050
outgoing ip packet:  140 | 0ee5badd e20a0000 00000004 08004500 007ebfc6 40004006
outgoing tcp packet:  126 | 4500007e bfc64000 40060c54 0a000033 6400002d a9090050
outgoing ip packet:  140 | 0ee5badd e20a0000 00000003 08004500 007e3b03 40004006
outgoing tcp packet:  126 | 4500007e 3b034000 40069118 0a000032 6400002d 8f9d0050
outgoing ip packet:  140 | 0ee5badd e20a0000 00000004 08004500 007ebfc7 40004006
outgoing tcp packet:  126 | 4500007e bfc74000 40060c53 0a000033 6400002d a9090050
outgoing ip packet:  140 | 0ee5badd e20a0000 00000003 08004500 007e3b04 40004006
outgoing tcp packet:  126 | 4500007e 3b044000 40069117 0a000032 6400002d 8f9d0050
outgoing ip packet:   74 | 0ee5badd e20a0000 00000003 08004500 003c3ae1 40004006
outgoing tcp packet:   60 | 4500003c 3ae14000 4006917c 0a000032 6400002d 8fb10050
incoming ip packet:   74 | 06f22833 fb0e3e03 f08527a5 08004500 003c0000 40004006
incoming tcp packet:   60 | 4500003c 00004000 4006728e 6400002d 64000001 0050cd9d
outgoing ip packet:   66 | 0ee5badd e20a0000 00000003 08004500 00343ae2 40004006
outgoing tcp packet:   52 | 45000034 3ae24000 40069183 0a000032 6400002d 8fb10050
outgoing ip packet:  215 | 0ee5badd e20a0000 00000003 08004500 00c93ae3 40004006
outgoing tcp packet:  201 | 450000c9 3ae34000 400690ed 0a000032 6400002d 8fb10050
incoming ip packet:   66 | 06f22833 fb0e3e03 f08527a5 08004500 0034f6d4 40004006
incoming tcp packet:   52 | 45000034 f6d44000 40067bc1 6400002d 64000001 0050cd9d
incoming ip packet:  157 | 06f22833 fb0e3e03 f08527a5 08004500 008ff6d5 40004006
incoming tcp packet:  143 | 4500008f f6d54000 40067b65 6400002d 64000001 0050cd9d
outgoing ip packet:   66 | 0ee5badd e20a0000 00000003 08004500 00343ae4 40004006
outgoing tcp packet:   52 | 45000034 3ae44000 40069181 0a000032 6400002d 8fb10050
incoming ip packet:  133 | 06f22833 fb0e3e03 f08527a5 08004500 0077f6d6 40004006
incoming tcp packet:  119 | 45000077 f6d64000 40067b7c 6400002d 64000001 0050cd9d
outgoing ip packet:   66 | 0ee5badd e20a0000 00000003 08004500 00343ae5 40004006
outgoing tcp packet:   52 | 45000034 3ae54000 40069180 0a000032 6400002d 8fb10050
incoming ip packet:   66 | 06f22833 fb0e3e03 f08527a5 08004500 0034f6d7 40004006
incoming tcp packet:   52 | 45000034 f6d74000 40067bbe 6400002d 64000001 0050cd9d
outgoing ip packet:   66 | 0ee5badd e20a0000 00000003 08004500 00343ae6 40004006
outgoing tcp packet:   52 | 45000034 3ae64000 4006917f 0a000032 6400002d 8fb10050
incoming ip packet:   66 | 06f22833 fb0e3e03 f08527a5 08004500 0034f6d8 40004006
incoming tcp packet:   52 | 45000034 f6d84000 40067bbd 6400002d 64000001 0050cd9d
outgoing ip packet:   74 | 0ee5badd e20a0000 00000004 08004500 003cfbc5 40004006
outgoing tcp packet:   60 | 4500003c fbc54000 4006d096 0a000033 6400002d a91d0050
incoming ip packet:   74 | 06f22833 fb0e3e03 f08527a5 08004500 003c0000 40004006
incoming tcp packet:   60 | 4500003c 00004000 4006728e 6400002d 64000001 0050d285
outgoing ip packet:   66 | 0ee5badd e20a0000 00000004 08004500 0034fbc6 40004006
outgoing tcp packet:   52 | 45000034 fbc64000 4006d09d 0a000033 6400002d a91d0050
outgoing ip packet:  215 | 0ee5badd e20a0000 00000004 08004500 00c9fbc7 40004006
outgoing tcp packet:  201 | 450000c9 fbc74000 4006d007 0a000033 6400002d a91d0050
incoming ip packet:   66 | 06f22833 fb0e3e03 f08527a5 08004500 0034c1a7 40004006
incoming tcp packet:   52 | 45000034 c1a74000 4006b0ee 6400002d 64000001 0050d285
incoming ip packet:  157 | 06f22833 fb0e3e03 f08527a5 08004500 008fc1a8 40004006
incoming tcp packet:  143 | 4500008f c1a84000 4006b092 6400002d 64000001 0050d285
outgoing ip packet:   66 | 0ee5badd e20a0000 00000004 08004500 0034fbc8 40004006
outgoing tcp packet:   52 | 45000034 fbc84000 4006d09b 0a000033 6400002d a91d0050
incoming ip packet:  133 | 06f22833 fb0e3e03 f08527a5 08004500 0077c1a9 40004006
incoming tcp packet:  119 | 45000077 c1a94000 4006b0a9 6400002d 64000001 0050d285
outgoing ip packet:   66 | 0ee5badd e20a0000 00000004 08004500 0034fbc9 40004006
outgoing tcp packet:   52 | 45000034 fbc94000 4006d09a 0a000033 6400002d a91d0050
incoming ip packet:   66 | 06f22833 fb0e3e03 f08527a5 08004500 0034c1aa 40004006
incoming tcp packet:   52 | 45000034 c1aa4000 4006b0eb 6400002d 64000001 0050d285
outgoing ip packet:   66 | 0ee5badd e20a0000 00000004 08004500 0034fbca 40004006
outgoing tcp packet:   52 | 45000034 fbca4000 4006d099 0a000033 6400002d a91d0050
incoming ip packet:   66 | 06f22833 fb0e3e03 f08527a5 08004500 0034c1ab 40004006
incoming tcp packet:   52 | 45000034 c1ab4000 4006b0ea 6400002d 64000001 0050d285
incoming ip packet:   78 | 06f22833 fb0e3e03 f08527a5 08004500 0040da7b 40004006
incoming tcp packet:   64 | 45000040 da7b4000 4006980e 6400002d 64000001 0050d239
outgoing ip packet:   66 | 0ee5badd e20a0000 00000004 08004500 0034bfc8 40004006
outgoing tcp packet:   52 | 45000034 bfc84000 40060c9c 0a000033 6400002d a9090050
incoming ip packet:   78 | 06f22833 fb0e3e03 f08527a5 08004500 00400b71 40004006
incoming tcp packet:   64 | 45000040 0b714000 40066719 6400002d 64000001 0050d66a
outgoing ip packet:   66 | 0ee5badd e20a0000 00000003 08004500 00343b05 40004006
outgoing tcp packet:   52 | 45000034 3b054000 40069160 0a000032 6400002d 8f9d0050
